2022-08-22 22:43:45,683 P3174 [INFO] ************************************************************
2022-08-22 22:43:45,683 P3174 [INFO] ConfigSet _OnInstanceBoot
2022-08-22 22:43:45,685 P3174 [INFO] ++++++++++++++++++++++++++++++++++++++++++++++++++++++++++++
2022-08-22 22:43:45,686 P3174 [INFO] Config AWSEBBaseConfig
2022-08-22 22:43:45,838 P3174 [INFO] ============================================================
2022-08-22 22:43:45,838 P3174 [INFO] Command clearbackupfiles
2022-08-22 22:43:45,844 P3174 [INFO] Completed successfully.
2022-08-22 22:43:45,849 P3174 [INFO] ++++++++++++++++++++++++++++++++++++++++++++++++++++++++++++
2022-08-22 22:43:45,849 P3174 [INFO] Config AWSEBCfnHupEndpointOverride
2022-08-22 22:43:45,849 P3174 [INFO] ============================================================
2022-08-22 22:43:45,850 P3174 [INFO] Command clearbackupfiles
2022-08-22 22:43:45,852 P3174 [INFO] Completed successfully.
2022-08-22 22:43:55,822 P3683 [INFO] ************************************************************
2022-08-22 22:43:55,823 P3683 [INFO] ConfigSet Infra-EmbeddedPreBuild
2022-08-22 22:43:55,825 P3683 [INFO] ++++++++++++++++++++++++++++++++++++++++++++++++++++++++++++
2022-08-22 22:43:55,825 P3683 [INFO] Config prebuild_0_fibonacci_multi_container_system
2022-08-22 22:44:28,058 P4008 [INFO] ************************************************************
2022-08-22 22:44:28,059 P4008 [INFO] ConfigSet Infra-EmbeddedPostBuild
2022-08-22 23:09:21,248 P7425 [INFO] ************************************************************
2022-08-22 23:09:21,248 P7425 [INFO] ConfigSet Infra-EmbeddedPreBuild
2022-08-22 23:09:38,960 P7881 [INFO] ************************************************************
2022-08-22 23:09:38,960 P7881 [INFO] ConfigSet Infra-EmbeddedPostBuild
