2022-08-22 22:43:52,596 [DEBUG] CloudFormation client initialized with endpoint https://cloudformation.us-east-1.amazonaws.com
2022-08-22 22:43:52,597 [DEBUG] SQS client initialized with endpoint https://sqs.us-east-1.amazonaws.com
2022-08-22 22:43:52,597 [DEBUG] CloudFormation client initialized with endpoint https://cloudformation.us-east-1.amazonaws.com
2022-08-22 22:43:52,597 [DEBUG] Enabled single threading mode.
2022-08-22 22:43:52,597 [DEBUG] Creating /var/lib/cfn-hup/data
2022-08-22 22:43:52,652 [INFO] No umask value specified in config file. Using the default one: 0o22
2022-08-22 22:43:53,622 [INFO] Refreshing listener credentials
2022-08-22 22:43:53,768 [INFO] Scheduling next credential refresh in 1799.0 seconds
2022-08-22 22:48:54,239 [INFO] command processing is alive.
2022-08-22 22:52:42,847 [INFO] Received command ElasticBeanstalkCommand-AWSEBAutoScalingGroup (invocation id: 5da6d0ac-2b59-474e-a1f7-ba7abc2f6e96)
2022-08-22 22:52:42,847 [INFO] Running action for aws-eb-command-handler
2022-08-22 22:53:03,982 [INFO] Action for aws-eb-command-handler succeeded, returning SUCCESS
2022-08-22 22:54:04,162 [INFO] command processing is alive.
2022-08-22 22:59:04,594 [INFO] command processing is alive.
2022-08-22 23:00:03,559 [INFO] Received command ElasticBeanstalkCommand-AWSEBAutoScalingGroup (invocation id: a997a779-9164-41c6-93b8-1837cfe2bfff)
2022-08-22 23:00:03,559 [INFO] Running action for aws-eb-command-handler
2022-08-22 23:00:24,758 [INFO] Action for aws-eb-command-handler succeeded, returning SUCCESS
2022-08-22 23:04:05,150 [INFO] command processing is alive.
2022-08-22 23:09:05,683 [INFO] command processing is alive.
2022-08-22 23:09:19,685 [INFO] Received command ElasticBeanstalkCommand-AWSEBAutoScalingGroup (invocation id: c0f78879-6e59-4b15-8f25-e5648f2a56e5)
2022-08-22 23:09:19,686 [INFO] Running action for aws-eb-command-handler
2022-08-22 23:09:59,193 [INFO] Action for aws-eb-command-handler succeeded, returning SUCCESS
2022-08-22 23:10:43,204 [INFO] Received command ElasticBeanstalkCommand-AWSEBAutoScalingGroup (invocation id: 2031d796-f36b-4e48-b351-148a03d30c47)
2022-08-22 23:10:43,205 [INFO] Running action for aws-eb-command-handler
2022-08-22 23:10:44,109 [INFO] Action for aws-eb-command-handler succeeded, returning SUCCESS
2022-08-22 23:13:52,769 [INFO] Refreshing listener credentials
2022-08-22 23:13:52,857 [INFO] Scheduling next credential refresh in 1799.0 seconds
2022-08-22 23:14:16,591 [INFO] Received command ElasticBeanstalkCommand-AWSEBAutoScalingGroup (invocation id: 315537c4-e55f-4d29-9483-73ea6e9c68f1)
2022-08-22 23:14:16,592 [INFO] Running action for aws-eb-command-handler
2022-08-22 23:14:53,032 [INFO] Action for aws-eb-command-handler succeeded, returning SUCCESS
2022-08-22 23:14:53,092 [INFO] command processing is alive.
2022-08-22 23:16:34,515 [INFO] Received command ElasticBeanstalkCommand-AWSEBAutoScalingGroup (invocation id: b0b1ed5b-3524-4d9b-b3b0-7ead74107486)
2022-08-22 23:16:34,516 [INFO] Running action for aws-eb-command-handler
2022-08-22 23:16:35,508 [INFO] Action for aws-eb-command-handler succeeded, returning SUCCESS
2022-08-22 23:17:45,172 [INFO] Received command ElasticBeanstalkCommand-AWSEBAutoScalingGroup (invocation id: 7a54d9f3-c60b-4803-b888-17789ab1bc88)
2022-08-22 23:17:45,172 [INFO] Running action for aws-eb-command-handler
