2022-08-22 22:43:45,673 [INFO] -----------------------Starting build-----------------------
2022-08-22 22:43:45,680 [INFO] Running configSets: _OnInstanceBoot
2022-08-22 22:43:45,683 [INFO] Running configSet _OnInstanceBoot
2022-08-22 22:43:45,685 [INFO] Running config AWSEBBaseConfig
2022-08-22 22:43:45,845 [INFO] Command clearbackupfiles succeeded
2022-08-22 22:43:45,849 [INFO] Running config AWSEBCfnHupEndpointOverride
2022-08-22 22:43:45,852 [INFO] Command clearbackupfiles succeeded
2022-08-22 22:43:45,854 [INFO] ConfigSets completed
2022-08-22 22:43:45,854 [INFO] -----------------------Build complete-----------------------
2022-08-22 22:43:55,814 [INFO] -----------------------Starting build-----------------------
2022-08-22 22:43:55,820 [INFO] Running configSets: Infra-EmbeddedPreBuild
2022-08-22 22:43:55,822 [INFO] Running configSet Infra-EmbeddedPreBuild
2022-08-22 22:43:55,825 [INFO] Running config prebuild_0_fibonacci_multi_container_system
2022-08-22 22:43:55,827 [INFO] ConfigSets completed
2022-08-22 22:43:55,827 [INFO] -----------------------Build complete-----------------------
2022-08-22 22:44:28,048 [INFO] -----------------------Starting build-----------------------
2022-08-22 22:44:28,056 [INFO] Running configSets: Infra-EmbeddedPostBuild
2022-08-22 22:44:28,058 [INFO] Running configSet Infra-EmbeddedPostBuild
2022-08-22 22:44:28,059 [INFO] ConfigSets completed
2022-08-22 22:44:28,059 [INFO] -----------------------Build complete-----------------------
2022-08-22 23:09:21,239 [INFO] -----------------------Starting build-----------------------
2022-08-22 23:09:21,246 [INFO] Running configSets: Infra-EmbeddedPreBuild
2022-08-22 23:09:21,248 [INFO] Running configSet Infra-EmbeddedPreBuild
2022-08-22 23:09:21,248 [INFO] ConfigSets completed
2022-08-22 23:09:21,248 [INFO] -----------------------Build complete-----------------------
2022-08-22 23:09:38,951 [INFO] -----------------------Starting build-----------------------
2022-08-22 23:09:38,957 [INFO] Running configSets: Infra-EmbeddedPostBuild
2022-08-22 23:09:38,960 [INFO] Running configSet Infra-EmbeddedPostBuild
2022-08-22 23:09:38,961 [INFO] ConfigSets completed
2022-08-22 23:09:38,961 [INFO] -----------------------Build complete-----------------------
