2022-08-22T22:44:25.549597607Z image pull python:2.7 (name=python)
2022-08-22T22:44:25.725979035Z container create 119d8a7729897e1a7ff6dfabde19a06a503a328baa8f5306c2b05290dcd01955 (image=sha256:858a80451046e5689df5bd9c1f2de5f72b2f36418f3da24a75a70f42999368f0, name=optimistic_sammet)
2022-08-22T22:44:25.805555041Z container destroy 119d8a7729897e1a7ff6dfabde19a06a503a328baa8f5306c2b05290dcd01955 (image=sha256:858a80451046e5689df5bd9c1f2de5f72b2f36418f3da24a75a70f42999368f0, name=optimistic_sammet)
2022-08-22T22:44:25.826318778Z container create 78c04caf737a6b454fbac290a71f43f814697c0a65c7673e620180e3397370a2 (image=sha256:52079a1a39c41d37ad8631ba9fcae4702d2cee6d6b19d86bb20883f369a00583, name=agitated_sinoussi)
2022-08-22T22:44:25.908971525Z container destroy 78c04caf737a6b454fbac290a71f43f814697c0a65c7673e620180e3397370a2 (image=sha256:52079a1a39c41d37ad8631ba9fcae4702d2cee6d6b19d86bb20883f369a00583, name=agitated_sinoussi)
2022-08-22T22:44:25.914456596Z image tag sha256:6c259b4d0c93852952a80c76660e67d2b8727ae97f9ab943bcd73cfbd4419332 (name=aws_beanstalk/staging-app:latest)
2022-08-22T22:44:28.155751652Z container create eb6e1b61ed514814ced680393d8e3345ec9192a9b3c0fb17673615e19f1dfafc (image=6c259b4d0c93, name=romantic_brattain)
2022-08-22T22:44:28.235636872Z network connect b1e58af629f42cd0cd69eadf5223c0dde650922695f311f1c9ca556fcec8db5b (container=eb6e1b61ed514814ced680393d8e3345ec9192a9b3c0fb17673615e19f1dfafc, name=bridge, type=bridge)
2022-08-22T22:44:28.839267208Z container start eb6e1b61ed514814ced680393d8e3345ec9192a9b3c0fb17673615e19f1dfafc (image=6c259b4d0c93, name=romantic_brattain)
2022-08-22T22:44:34.317539905Z image tag sha256:6c259b4d0c93852952a80c76660e67d2b8727ae97f9ab943bcd73cfbd4419332 (name=aws_beanstalk/current-app:latest)
2022-08-22T22:44:34.359226086Z image untag sha256:6c259b4d0c93852952a80c76660e67d2b8727ae97f9ab943bcd73cfbd4419332 (name=sha256:6c259b4d0c93852952a80c76660e67d2b8727ae97f9ab943bcd73cfbd4419332)
2022-08-22T22:44:35.434328364Z image tag sha256:6c259b4d0c93852952a80c76660e67d2b8727ae97f9ab943bcd73cfbd4419332 (name=aws_beanstalk/current-app:latest)
2022-08-22T22:44:35.471389078Z image tag sha256:68e7be49c28c89833fc91b44a8c1db6982b52695749d57c3d6fe995a9bb1df5f (name=python:2.7)
2022-08-22T22:52:44.009135868Z image tag sha256:6c259b4d0c93852952a80c76660e67d2b8727ae97f9ab943bcd73cfbd4419332 (name=aws_beanstalk/current-app:latest)
2022-08-22T22:52:44.045631356Z image tag sha256:68e7be49c28c89833fc91b44a8c1db6982b52695749d57c3d6fe995a9bb1df5f (name=python:2.7)
2022-08-22T22:52:44.151577302Z image tag sha256:6c259b4d0c93852952a80c76660e67d2b8727ae97f9ab943bcd73cfbd4419332 (name=aws_beanstalk/staging-app:latest)
2022-08-22T22:52:46.260161854Z container kill eb6e1b61ed514814ced680393d8e3345ec9192a9b3c0fb17673615e19f1dfafc (image=6c259b4d0c93, name=romantic_brattain, signal=15)
2022-08-22T22:52:56.276644489Z container kill eb6e1b61ed514814ced680393d8e3345ec9192a9b3c0fb17673615e19f1dfafc (image=6c259b4d0c93, name=romantic_brattain, signal=9)
2022-08-22T22:52:56.292429247Z container die eb6e1b61ed514814ced680393d8e3345ec9192a9b3c0fb17673615e19f1dfafc (exitCode=137, image=6c259b4d0c93, name=romantic_brattain)
2022-08-22T22:52:56.370167896Z network disconnect b1e58af629f42cd0cd69eadf5223c0dde650922695f311f1c9ca556fcec8db5b (container=eb6e1b61ed514814ced680393d8e3345ec9192a9b3c0fb17673615e19f1dfafc, name=bridge, type=bridge)
2022-08-22T22:52:56.381999421Z container stop eb6e1b61ed514814ced680393d8e3345ec9192a9b3c0fb17673615e19f1dfafc (image=6c259b4d0c93, name=romantic_brattain)
2022-08-22T22:52:56.830329078Z container destroy eb6e1b61ed514814ced680393d8e3345ec9192a9b3c0fb17673615e19f1dfafc (image=6c259b4d0c93, name=romantic_brattain)
2022-08-22T22:52:56.830353236Z container prune  (reclaimed=58814)
2022-08-22T22:52:56.866393885Z image untag sha256:6c259b4d0c93852952a80c76660e67d2b8727ae97f9ab943bcd73cfbd4419332 (name=sha256:6c259b4d0c93852952a80c76660e67d2b8727ae97f9ab943bcd73cfbd4419332)
2022-08-22T22:52:56.923014187Z container create 3cced2a19a447a0699f78f77a7b5ffa4a106abb81aff0f052b5c7436ac860edb (image=6c259b4d0c93, name=serene_bardeen)
2022-08-22T22:52:56.992495166Z network connect b1e58af629f42cd0cd69eadf5223c0dde650922695f311f1c9ca556fcec8db5b (container=3cced2a19a447a0699f78f77a7b5ffa4a106abb81aff0f052b5c7436ac860edb, name=bridge, type=bridge)
2022-08-22T22:52:57.409077617Z container start 3cced2a19a447a0699f78f77a7b5ffa4a106abb81aff0f052b5c7436ac860edb (image=6c259b4d0c93, name=serene_bardeen)
2022-08-22T22:53:02.811331864Z image tag sha256:6c259b4d0c93852952a80c76660e67d2b8727ae97f9ab943bcd73cfbd4419332 (name=aws_beanstalk/current-app:latest)
2022-08-22T22:53:02.847924828Z image untag sha256:6c259b4d0c93852952a80c76660e67d2b8727ae97f9ab943bcd73cfbd4419332 (name=sha256:6c259b4d0c93852952a80c76660e67d2b8727ae97f9ab943bcd73cfbd4419332)
2022-08-22T22:53:03.878942050Z image tag sha256:6c259b4d0c93852952a80c76660e67d2b8727ae97f9ab943bcd73cfbd4419332 (name=aws_beanstalk/current-app:latest)
2022-08-22T22:53:03.957614181Z image tag sha256:68e7be49c28c89833fc91b44a8c1db6982b52695749d57c3d6fe995a9bb1df5f (name=python:2.7)
2022-08-22T23:00:04.793645679Z image tag sha256:6c259b4d0c93852952a80c76660e67d2b8727ae97f9ab943bcd73cfbd4419332 (name=aws_beanstalk/current-app:latest)
2022-08-22T23:00:04.829045080Z image tag sha256:68e7be49c28c89833fc91b44a8c1db6982b52695749d57c3d6fe995a9bb1df5f (name=python:2.7)
2022-08-22T23:00:04.931365095Z image tag sha256:6c259b4d0c93852952a80c76660e67d2b8727ae97f9ab943bcd73cfbd4419332 (name=aws_beanstalk/staging-app:latest)
2022-08-22T23:00:07.009631797Z container kill 3cced2a19a447a0699f78f77a7b5ffa4a106abb81aff0f052b5c7436ac860edb (image=6c259b4d0c93, name=serene_bardeen, signal=15)
2022-08-22T23:00:17.030631358Z container kill 3cced2a19a447a0699f78f77a7b5ffa4a106abb81aff0f052b5c7436ac860edb (image=6c259b4d0c93, name=serene_bardeen, signal=9)
2022-08-22T23:00:17.044830659Z container die 3cced2a19a447a0699f78f77a7b5ffa4a106abb81aff0f052b5c7436ac860edb (exitCode=137, image=6c259b4d0c93, name=serene_bardeen)
2022-08-22T23:00:17.125091838Z network disconnect b1e58af629f42cd0cd69eadf5223c0dde650922695f311f1c9ca556fcec8db5b (container=3cced2a19a447a0699f78f77a7b5ffa4a106abb81aff0f052b5c7436ac860edb, name=bridge, type=bridge)
2022-08-22T23:00:17.138361354Z container stop 3cced2a19a447a0699f78f77a7b5ffa4a106abb81aff0f052b5c7436ac860edb (image=6c259b4d0c93, name=serene_bardeen)
2022-08-22T23:00:17.608847898Z container destroy 3cced2a19a447a0699f78f77a7b5ffa4a106abb81aff0f052b5c7436ac860edb (image=6c259b4d0c93, name=serene_bardeen)
2022-08-22T23:00:17.608874626Z container prune  (reclaimed=58814)
2022-08-22T23:00:17.646799910Z image untag sha256:6c259b4d0c93852952a80c76660e67d2b8727ae97f9ab943bcd73cfbd4419332 (name=sha256:6c259b4d0c93852952a80c76660e67d2b8727ae97f9ab943bcd73cfbd4419332)
2022-08-22T23:00:17.704824352Z container create 7b595dc5d9f3427211b5e5efedd1f2a072254315e8d42e159ac5351d0b445b46 (image=6c259b4d0c93, name=funny_maxwell)
2022-08-22T23:00:17.776965271Z network connect b1e58af629f42cd0cd69eadf5223c0dde650922695f311f1c9ca556fcec8db5b (container=7b595dc5d9f3427211b5e5efedd1f2a072254315e8d42e159ac5351d0b445b46, name=bridge, type=bridge)
2022-08-22T23:00:18.208009486Z container start 7b595dc5d9f3427211b5e5efedd1f2a072254315e8d42e159ac5351d0b445b46 (image=6c259b4d0c93, name=funny_maxwell)
2022-08-22T23:00:23.599289078Z image tag sha256:6c259b4d0c93852952a80c76660e67d2b8727ae97f9ab943bcd73cfbd4419332 (name=aws_beanstalk/current-app:latest)
2022-08-22T23:00:23.635289974Z image untag sha256:6c259b4d0c93852952a80c76660e67d2b8727ae97f9ab943bcd73cfbd4419332 (name=sha256:6c259b4d0c93852952a80c76660e67d2b8727ae97f9ab943bcd73cfbd4419332)
2022-08-22T23:00:24.659830021Z image tag sha256:6c259b4d0c93852952a80c76660e67d2b8727ae97f9ab943bcd73cfbd4419332 (name=aws_beanstalk/current-app:latest)
2022-08-22T23:00:24.732171891Z image tag sha256:68e7be49c28c89833fc91b44a8c1db6982b52695749d57c3d6fe995a9bb1df5f (name=python:2.7)
2022-08-22T23:09:21.512357202Z image tag sha256:6c259b4d0c93852952a80c76660e67d2b8727ae97f9ab943bcd73cfbd4419332 (name=aws_beanstalk/current-app:latest)
2022-08-22T23:09:21.547820017Z image tag sha256:68e7be49c28c89833fc91b44a8c1db6982b52695749d57c3d6fe995a9bb1df5f (name=python:2.7)
2022-08-22T23:09:34.311214896Z image pull cspalevic/multi-nginx:latest (maintainer=NGINX Docker Maintainers <docker-maint@nginx.com>, name=cspalevic/multi-nginx)
2022-08-22T23:09:34.602591568Z image pull cspalevic/multi-client:latest (maintainer=NGINX Docker Maintainers <docker-maint@nginx.com>, name=cspalevic/multi-client)
2022-08-22T23:09:35.801167003Z image pull cspalevic/multi-api:latest (name=cspalevic/multi-api)
2022-08-22T23:09:35.888103944Z image pull cspalevic/multi-worker:latest (name=cspalevic/multi-worker)
2022-08-22T23:09:39.369879214Z container kill 7b595dc5d9f3427211b5e5efedd1f2a072254315e8d42e159ac5351d0b445b46 (image=6c259b4d0c93, name=funny_maxwell, signal=15)
2022-08-22T23:09:49.390468726Z container kill 7b595dc5d9f3427211b5e5efedd1f2a072254315e8d42e159ac5351d0b445b46 (image=6c259b4d0c93, name=funny_maxwell, signal=9)
2022-08-22T23:09:49.405136778Z container die 7b595dc5d9f3427211b5e5efedd1f2a072254315e8d42e159ac5351d0b445b46 (exitCode=137, image=6c259b4d0c93, name=funny_maxwell)
2022-08-22T23:09:49.478387125Z network disconnect b1e58af629f42cd0cd69eadf5223c0dde650922695f311f1c9ca556fcec8db5b (container=7b595dc5d9f3427211b5e5efedd1f2a072254315e8d42e159ac5351d0b445b46, name=bridge, type=bridge)
2022-08-22T23:09:49.522628116Z container stop 7b595dc5d9f3427211b5e5efedd1f2a072254315e8d42e159ac5351d0b445b46 (image=6c259b4d0c93, name=funny_maxwell)
2022-08-22T23:09:50.014689435Z container destroy 7b595dc5d9f3427211b5e5efedd1f2a072254315e8d42e159ac5351d0b445b46 (image=6c259b4d0c93, name=funny_maxwell)
2022-08-22T23:09:50.014715707Z container prune  (reclaimed=58814)
2022-08-22T23:09:50.052155377Z image untag sha256:6c259b4d0c93852952a80c76660e67d2b8727ae97f9ab943bcd73cfbd4419332 (name=sha256:6c259b4d0c93852952a80c76660e67d2b8727ae97f9ab943bcd73cfbd4419332)
2022-08-22T23:09:50.053549178Z image delete sha256:6c259b4d0c93852952a80c76660e67d2b8727ae97f9ab943bcd73cfbd4419332 (name=sha256:6c259b4d0c93852952a80c76660e67d2b8727ae97f9ab943bcd73cfbd4419332)
2022-08-22T23:09:50.055341396Z image delete sha256:52079a1a39c41d37ad8631ba9fcae4702d2cee6d6b19d86bb20883f369a00583 (name=sha256:52079a1a39c41d37ad8631ba9fcae4702d2cee6d6b19d86bb20883f369a00583)
2022-08-22T23:09:50.058278280Z image delete sha256:858a80451046e5689df5bd9c1f2de5f72b2f36418f3da24a75a70f42999368f0 (name=sha256:858a80451046e5689df5bd9c1f2de5f72b2f36418f3da24a75a70f42999368f0)
2022-08-22T23:09:51.476553876Z network create 11aa34870c7152ed918fcdc6a0bb700cbbd2179fa01ab6c451c7f7223be04d8c (name=current_default, type=bridge)
2022-08-22T23:09:51.600146945Z container create 19503a17527aef087c27834bd5135b7b6a19fe1f1f1dc9414c0d3a4a38958bb0 (com.docker.compose.config-hash=cfd542f7a98fc5f1c7cbef9ee3495ab5d7df6008ecb1fb14fc7491d1448b27c3, com.docker.compose.container-number=1, com.docker.compose.oneoff=False, com.docker.compose.project=current, com.docker.compose.project.config_files=docker-compose.yml, com.docker.compose.project.working_dir=/var/app/current, com.docker.compose.service=nginx, com.docker.compose.version=1.29.2, image=cspalevic/multi-nginx, maintainer=NGINX Docker Maintainers <docker-maint@nginx.com>, name=current_nginx_1)
2022-08-22T23:09:51.614082926Z container create 8aa64845ada1add5245cb31cfeb2f89dbf0fdec3c4402eb54a1c1f89559f33e7 (com.docker.compose.config-hash=db161c9ac244949c212d9a21f4c530ab9443de900cabbf4ffa44bf6e79b33a54, com.docker.compose.container-number=1, com.docker.compose.oneoff=False, com.docker.compose.project=current, com.docker.compose.project.config_files=docker-compose.yml, com.docker.compose.project.working_dir=/var/app/current, com.docker.compose.service=worker, com.docker.compose.version=1.29.2, image=cspalevic/multi-worker, name=current_worker_1)
2022-08-22T23:09:51.617573963Z container create f5983259ff5fdb2f5c165ef3d024beadbb018905c16488a3dfa98da42147d519 (com.docker.compose.config-hash=f51d13f0be13a6d2e40d611f6caa80e28f8c9dd5366fde0a241669483079d184, com.docker.compose.container-number=1, com.docker.compose.oneoff=False, com.docker.compose.project=current, com.docker.compose.project.config_files=docker-compose.yml, com.docker.compose.project.working_dir=/var/app/current, com.docker.compose.service=client, com.docker.compose.version=1.29.2, image=cspalevic/multi-client, maintainer=NGINX Docker Maintainers <docker-maint@nginx.com>, name=current_client_1)
2022-08-22T23:09:51.628832738Z network disconnect 11aa34870c7152ed918fcdc6a0bb700cbbd2179fa01ab6c451c7f7223be04d8c (container=19503a17527aef087c27834bd5135b7b6a19fe1f1f1dc9414c0d3a4a38958bb0, name=current_default, type=bridge)
2022-08-22T23:09:51.631968640Z network disconnect 11aa34870c7152ed918fcdc6a0bb700cbbd2179fa01ab6c451c7f7223be04d8c (container=f5983259ff5fdb2f5c165ef3d024beadbb018905c16488a3dfa98da42147d519, name=current_default, type=bridge)
2022-08-22T23:09:51.632073014Z container create 55bee11e28042b94b598d343f56d125ddb9e99c0ae5fc5d42786158ce52cc646 (com.docker.compose.config-hash=ae30172063db2118606226f65aa074a02f2165fcc159e180715161895898429a, com.docker.compose.container-number=1, com.docker.compose.oneoff=False, com.docker.compose.project=current, com.docker.compose.project.config_files=docker-compose.yml, com.docker.compose.project.working_dir=/var/app/current, com.docker.compose.service=api, com.docker.compose.version=1.29.2, image=cspalevic/multi-api, name=current_api_1)
2022-08-22T23:09:51.639785937Z network disconnect 11aa34870c7152ed918fcdc6a0bb700cbbd2179fa01ab6c451c7f7223be04d8c (container=8aa64845ada1add5245cb31cfeb2f89dbf0fdec3c4402eb54a1c1f89559f33e7, name=current_default, type=bridge)
2022-08-22T23:09:51.725823123Z network disconnect 11aa34870c7152ed918fcdc6a0bb700cbbd2179fa01ab6c451c7f7223be04d8c (container=55bee11e28042b94b598d343f56d125ddb9e99c0ae5fc5d42786158ce52cc646, name=current_default, type=bridge)
2022-08-22T23:09:51.896864860Z network connect 11aa34870c7152ed918fcdc6a0bb700cbbd2179fa01ab6c451c7f7223be04d8c (container=f5983259ff5fdb2f5c165ef3d024beadbb018905c16488a3dfa98da42147d519, name=current_default, type=bridge)
2022-08-22T23:09:51.899189407Z network connect 11aa34870c7152ed918fcdc6a0bb700cbbd2179fa01ab6c451c7f7223be04d8c (container=19503a17527aef087c27834bd5135b7b6a19fe1f1f1dc9414c0d3a4a38958bb0, name=current_default, type=bridge)
2022-08-22T23:09:52.045572344Z network connect 11aa34870c7152ed918fcdc6a0bb700cbbd2179fa01ab6c451c7f7223be04d8c (container=8aa64845ada1add5245cb31cfeb2f89dbf0fdec3c4402eb54a1c1f89559f33e7, name=current_default, type=bridge)
2022-08-22T23:09:52.045099183Z network connect 11aa34870c7152ed918fcdc6a0bb700cbbd2179fa01ab6c451c7f7223be04d8c (container=55bee11e28042b94b598d343f56d125ddb9e99c0ae5fc5d42786158ce52cc646, name=current_default, type=bridge)
2022-08-22T23:09:53.717676583Z container start f5983259ff5fdb2f5c165ef3d024beadbb018905c16488a3dfa98da42147d519 (com.docker.compose.config-hash=f51d13f0be13a6d2e40d611f6caa80e28f8c9dd5366fde0a241669483079d184, com.docker.compose.container-number=1, com.docker.compose.oneoff=False, com.docker.compose.project=current, com.docker.compose.project.config_files=docker-compose.yml, com.docker.compose.project.working_dir=/var/app/current, com.docker.compose.service=client, com.docker.compose.version=1.29.2, image=cspalevic/multi-client, maintainer=NGINX Docker Maintainers <docker-maint@nginx.com>, name=current_client_1)
2022-08-22T23:09:54.040708561Z container start 19503a17527aef087c27834bd5135b7b6a19fe1f1f1dc9414c0d3a4a38958bb0 (com.docker.compose.config-hash=cfd542f7a98fc5f1c7cbef9ee3495ab5d7df6008ecb1fb14fc7491d1448b27c3, com.docker.compose.container-number=1, com.docker.compose.oneoff=False, com.docker.compose.project=current, com.docker.compose.project.config_files=docker-compose.yml, com.docker.compose.project.working_dir=/var/app/current, com.docker.compose.service=nginx, com.docker.compose.version=1.29.2, image=cspalevic/multi-nginx, maintainer=NGINX Docker Maintainers <docker-maint@nginx.com>, name=current_nginx_1)
2022-08-22T23:09:54.147502767Z container start 8aa64845ada1add5245cb31cfeb2f89dbf0fdec3c4402eb54a1c1f89559f33e7 (com.docker.compose.config-hash=db161c9ac244949c212d9a21f4c530ab9443de900cabbf4ffa44bf6e79b33a54, com.docker.compose.container-number=1, com.docker.compose.oneoff=False, com.docker.compose.project=current, com.docker.compose.project.config_files=docker-compose.yml, com.docker.compose.project.working_dir=/var/app/current, com.docker.compose.service=worker, com.docker.compose.version=1.29.2, image=cspalevic/multi-worker, name=current_worker_1)
2022-08-22T23:09:54.163095580Z container start 55bee11e28042b94b598d343f56d125ddb9e99c0ae5fc5d42786158ce52cc646 (com.docker.compose.config-hash=ae30172063db2118606226f65aa074a02f2165fcc159e180715161895898429a, com.docker.compose.container-number=1, com.docker.compose.oneoff=False, com.docker.compose.project=current, com.docker.compose.project.config_files=docker-compose.yml, com.docker.compose.project.working_dir=/var/app/current, com.docker.compose.service=api, com.docker.compose.version=1.29.2, image=cspalevic/multi-api, name=current_api_1)
2022-08-22T23:09:57.583811262Z image untag sha256:68e7be49c28c89833fc91b44a8c1db6982b52695749d57c3d6fe995a9bb1df5f (name=sha256:68e7be49c28c89833fc91b44a8c1db6982b52695749d57c3d6fe995a9bb1df5f)
2022-08-22T23:09:57.586079251Z image untag sha256:68e7be49c28c89833fc91b44a8c1db6982b52695749d57c3d6fe995a9bb1df5f (name=sha256:68e7be49c28c89833fc91b44a8c1db6982b52695749d57c3d6fe995a9bb1df5f)
2022-08-22T23:09:58.987519322Z image delete sha256:68e7be49c28c89833fc91b44a8c1db6982b52695749d57c3d6fe995a9bb1df5f (name=sha256:68e7be49c28c89833fc91b44a8c1db6982b52695749d57c3d6fe995a9bb1df5f)
2022-08-22T23:09:59.035111014Z image tag sha256:0abac0c20fbe684709f0f5a3f27f1eb4cdb8e5aab1f3fa2fa77f740bdc5baaed (name=cspalevic/multi-worker:latest)
2022-08-22T23:09:59.070904413Z image tag sha256:b40155d77bf9284dcdac22d235a6778587b6fa71a7c3afb55523233852105cf8 (name=cspalevic/multi-api:latest)
2022-08-22T23:09:59.106562903Z image tag sha256:e2cf18abe02c7908fb8825b03d5b3a42ac71643b305cda49587009beb5d92ae3 (maintainer=NGINX Docker Maintainers <docker-maint@nginx.com>, name=cspalevic/multi-nginx:latest)
2022-08-22T23:09:59.142655886Z image tag sha256:9bb7698f58af201fd0be814d2c40c36dd267f77f7d5354c9e49739965243954a (maintainer=NGINX Docker Maintainers <docker-maint@nginx.com>, name=cspalevic/multi-client:latest)
2022-08-22T23:10:03.074274163Z container die 8aa64845ada1add5245cb31cfeb2f89dbf0fdec3c4402eb54a1c1f89559f33e7 (com.docker.compose.config-hash=db161c9ac244949c212d9a21f4c530ab9443de900cabbf4ffa44bf6e79b33a54, com.docker.compose.container-number=1, com.docker.compose.oneoff=False, com.docker.compose.project=current, com.docker.compose.project.config_files=docker-compose.yml, com.docker.compose.project.working_dir=/var/app/current, com.docker.compose.service=worker, com.docker.compose.version=1.29.2, exitCode=1, image=cspalevic/multi-worker, name=current_worker_1)
2022-08-22T23:10:03.158772546Z network disconnect 11aa34870c7152ed918fcdc6a0bb700cbbd2179fa01ab6c451c7f7223be04d8c (container=8aa64845ada1add5245cb31cfeb2f89dbf0fdec3c4402eb54a1c1f89559f33e7, name=current_default, type=bridge)
2022-08-22T23:10:03.453327967Z container die 55bee11e28042b94b598d343f56d125ddb9e99c0ae5fc5d42786158ce52cc646 (com.docker.compose.config-hash=ae30172063db2118606226f65aa074a02f2165fcc159e180715161895898429a, com.docker.compose.container-number=1, com.docker.compose.oneoff=False, com.docker.compose.project=current, com.docker.compose.project.config_files=docker-compose.yml, com.docker.compose.project.working_dir=/var/app/current, com.docker.compose.service=api, com.docker.compose.version=1.29.2, exitCode=1, image=cspalevic/multi-api, name=current_api_1)
2022-08-22T23:10:03.545917911Z network disconnect 11aa34870c7152ed918fcdc6a0bb700cbbd2179fa01ab6c451c7f7223be04d8c (container=55bee11e28042b94b598d343f56d125ddb9e99c0ae5fc5d42786158ce52cc646, name=current_default, type=bridge)
2022-08-22T23:14:17.709523818Z container destroy 55bee11e28042b94b598d343f56d125ddb9e99c0ae5fc5d42786158ce52cc646 (com.docker.compose.config-hash=ae30172063db2118606226f65aa074a02f2165fcc159e180715161895898429a, com.docker.compose.container-number=1, com.docker.compose.oneoff=False, com.docker.compose.project=current, com.docker.compose.project.config_files=docker-compose.yml, com.docker.compose.project.working_dir=/var/app/current, com.docker.compose.service=api, com.docker.compose.version=1.29.2, image=cspalevic/multi-api, name=current_api_1)
2022-08-22T23:14:17.715948516Z container destroy 8aa64845ada1add5245cb31cfeb2f89dbf0fdec3c4402eb54a1c1f89559f33e7 (com.docker.compose.config-hash=db161c9ac244949c212d9a21f4c530ab9443de900cabbf4ffa44bf6e79b33a54, com.docker.compose.container-number=1, com.docker.compose.oneoff=False, com.docker.compose.project=current, com.docker.compose.project.config_files=docker-compose.yml, com.docker.compose.project.working_dir=/var/app/current, com.docker.compose.service=worker, com.docker.compose.version=1.29.2, image=cspalevic/multi-worker, name=current_worker_1)
2022-08-22T23:14:17.795869848Z image untag sha256:0abac0c20fbe684709f0f5a3f27f1eb4cdb8e5aab1f3fa2fa77f740bdc5baaed (name=sha256:0abac0c20fbe684709f0f5a3f27f1eb4cdb8e5aab1f3fa2fa77f740bdc5baaed)
2022-08-22T23:14:17.797866900Z image untag sha256:0abac0c20fbe684709f0f5a3f27f1eb4cdb8e5aab1f3fa2fa77f740bdc5baaed (name=sha256:0abac0c20fbe684709f0f5a3f27f1eb4cdb8e5aab1f3fa2fa77f740bdc5baaed)
2022-08-22T23:14:17.902958665Z image delete sha256:0abac0c20fbe684709f0f5a3f27f1eb4cdb8e5aab1f3fa2fa77f740bdc5baaed (name=sha256:0abac0c20fbe684709f0f5a3f27f1eb4cdb8e5aab1f3fa2fa77f740bdc5baaed)
2022-08-22T23:14:17.917255747Z image untag sha256:b40155d77bf9284dcdac22d235a6778587b6fa71a7c3afb55523233852105cf8 (name=sha256:b40155d77bf9284dcdac22d235a6778587b6fa71a7c3afb55523233852105cf8)
2022-08-22T23:14:17.919362765Z image untag sha256:b40155d77bf9284dcdac22d235a6778587b6fa71a7c3afb55523233852105cf8 (name=sha256:b40155d77bf9284dcdac22d235a6778587b6fa71a7c3afb55523233852105cf8)
2022-08-22T23:14:18.167353221Z image delete sha256:b40155d77bf9284dcdac22d235a6778587b6fa71a7c3afb55523233852105cf8 (name=sha256:b40155d77bf9284dcdac22d235a6778587b6fa71a7c3afb55523233852105cf8)
2022-08-22T23:14:18.291064480Z image tag sha256:9bb7698f58af201fd0be814d2c40c36dd267f77f7d5354c9e49739965243954a (maintainer=NGINX Docker Maintainers <docker-maint@nginx.com>, name=cspalevic/multi-client:latest)
2022-08-22T23:14:18.327461593Z image tag sha256:e2cf18abe02c7908fb8825b03d5b3a42ac71643b305cda49587009beb5d92ae3 (maintainer=NGINX Docker Maintainers <docker-maint@nginx.com>, name=cspalevic/multi-nginx:latest)
2022-08-22T23:14:20.251008285Z image pull cspalevic/multi-nginx:latest (maintainer=NGINX Docker Maintainers <docker-maint@nginx.com>, name=cspalevic/multi-nginx)
2022-08-22T23:14:20.255557808Z image pull cspalevic/multi-client:latest (maintainer=NGINX Docker Maintainers <docker-maint@nginx.com>, name=cspalevic/multi-client)
2022-08-22T23:14:26.825572317Z image pull cspalevic/multi-worker:latest (name=cspalevic/multi-worker)
2022-08-22T23:14:26.830007433Z image pull cspalevic/multi-api:latest (name=cspalevic/multi-api)
2022-08-22T23:14:30.393677810Z container kill 19503a17527aef087c27834bd5135b7b6a19fe1f1f1dc9414c0d3a4a38958bb0 (com.docker.compose.config-hash=cfd542f7a98fc5f1c7cbef9ee3495ab5d7df6008ecb1fb14fc7491d1448b27c3, com.docker.compose.container-number=1, com.docker.compose.oneoff=False, com.docker.compose.project=current, com.docker.compose.project.config_files=docker-compose.yml, com.docker.compose.project.working_dir=/var/app/current, com.docker.compose.service=nginx, com.docker.compose.version=1.29.2, image=cspalevic/multi-nginx, maintainer=NGINX Docker Maintainers <docker-maint@nginx.com>, name=current_nginx_1, signal=3)
2022-08-22T23:14:30.400408943Z container kill f5983259ff5fdb2f5c165ef3d024beadbb018905c16488a3dfa98da42147d519 (com.docker.compose.config-hash=f51d13f0be13a6d2e40d611f6caa80e28f8c9dd5366fde0a241669483079d184, com.docker.compose.container-number=1, com.docker.compose.oneoff=False, com.docker.compose.project=current, com.docker.compose.project.config_files=docker-compose.yml, com.docker.compose.project.working_dir=/var/app/current, com.docker.compose.service=client, com.docker.compose.version=1.29.2, image=cspalevic/multi-client, maintainer=NGINX Docker Maintainers <docker-maint@nginx.com>, name=current_client_1, signal=3)
2022-08-22T23:14:30.431806885Z container die 19503a17527aef087c27834bd5135b7b6a19fe1f1f1dc9414c0d3a4a38958bb0 (com.docker.compose.config-hash=cfd542f7a98fc5f1c7cbef9ee3495ab5d7df6008ecb1fb14fc7491d1448b27c3, com.docker.compose.container-number=1, com.docker.compose.oneoff=False, com.docker.compose.project=current, com.docker.compose.project.config_files=docker-compose.yml, com.docker.compose.project.working_dir=/var/app/current, com.docker.compose.service=nginx, com.docker.compose.version=1.29.2, exitCode=0, image=cspalevic/multi-nginx, maintainer=NGINX Docker Maintainers <docker-maint@nginx.com>, name=current_nginx_1)
2022-08-22T23:14:30.458751952Z container die f5983259ff5fdb2f5c165ef3d024beadbb018905c16488a3dfa98da42147d519 (com.docker.compose.config-hash=f51d13f0be13a6d2e40d611f6caa80e28f8c9dd5366fde0a241669483079d184, com.docker.compose.container-number=1, com.docker.compose.oneoff=False, com.docker.compose.project=current, com.docker.compose.project.config_files=docker-compose.yml, com.docker.compose.project.working_dir=/var/app/current, com.docker.compose.service=client, com.docker.compose.version=1.29.2, exitCode=0, image=cspalevic/multi-client, maintainer=NGINX Docker Maintainers <docker-maint@nginx.com>, name=current_client_1)
2022-08-22T23:14:30.654495998Z network disconnect 11aa34870c7152ed918fcdc6a0bb700cbbd2179fa01ab6c451c7f7223be04d8c (container=19503a17527aef087c27834bd5135b7b6a19fe1f1f1dc9414c0d3a4a38958bb0, name=current_default, type=bridge)
2022-08-22T23:14:30.731155960Z network disconnect 11aa34870c7152ed918fcdc6a0bb700cbbd2179fa01ab6c451c7f7223be04d8c (container=f5983259ff5fdb2f5c165ef3d024beadbb018905c16488a3dfa98da42147d519, name=current_default, type=bridge)
2022-08-22T23:14:30.749815065Z container stop 19503a17527aef087c27834bd5135b7b6a19fe1f1f1dc9414c0d3a4a38958bb0 (com.docker.compose.config-hash=cfd542f7a98fc5f1c7cbef9ee3495ab5d7df6008ecb1fb14fc7491d1448b27c3, com.docker.compose.container-number=1, com.docker.compose.oneoff=False, com.docker.compose.project=current, com.docker.compose.project.config_files=docker-compose.yml, com.docker.compose.project.working_dir=/var/app/current, com.docker.compose.service=nginx, com.docker.compose.version=1.29.2, image=cspalevic/multi-nginx, maintainer=NGINX Docker Maintainers <docker-maint@nginx.com>, name=current_nginx_1)
2022-08-22T23:14:30.751203031Z container stop f5983259ff5fdb2f5c165ef3d024beadbb018905c16488a3dfa98da42147d519 (com.docker.compose.config-hash=f51d13f0be13a6d2e40d611f6caa80e28f8c9dd5366fde0a241669483079d184, com.docker.compose.container-number=1, com.docker.compose.oneoff=False, com.docker.compose.project=current, com.docker.compose.project.config_files=docker-compose.yml, com.docker.compose.project.working_dir=/var/app/current, com.docker.compose.service=client, com.docker.compose.version=1.29.2, image=cspalevic/multi-client, maintainer=NGINX Docker Maintainers <docker-maint@nginx.com>, name=current_client_1)
2022-08-22T23:14:30.781645926Z container destroy 19503a17527aef087c27834bd5135b7b6a19fe1f1f1dc9414c0d3a4a38958bb0 (com.docker.compose.config-hash=cfd542f7a98fc5f1c7cbef9ee3495ab5d7df6008ecb1fb14fc7491d1448b27c3, com.docker.compose.container-number=1, com.docker.compose.oneoff=False, com.docker.compose.project=current, com.docker.compose.project.config_files=docker-compose.yml, com.docker.compose.project.working_dir=/var/app/current, com.docker.compose.service=nginx, com.docker.compose.version=1.29.2, image=cspalevic/multi-nginx, maintainer=NGINX Docker Maintainers <docker-maint@nginx.com>, name=current_nginx_1)
2022-08-22T23:14:30.784963776Z container destroy f5983259ff5fdb2f5c165ef3d024beadbb018905c16488a3dfa98da42147d519 (com.docker.compose.config-hash=f51d13f0be13a6d2e40d611f6caa80e28f8c9dd5366fde0a241669483079d184, com.docker.compose.container-number=1, com.docker.compose.oneoff=False, com.docker.compose.project=current, com.docker.compose.project.config_files=docker-compose.yml, com.docker.compose.project.working_dir=/var/app/current, com.docker.compose.service=client, com.docker.compose.version=1.29.2, image=cspalevic/multi-client, maintainer=NGINX Docker Maintainers <docker-maint@nginx.com>, name=current_client_1)
2022-08-22T23:14:30.826962360Z network destroy 11aa34870c7152ed918fcdc6a0bb700cbbd2179fa01ab6c451c7f7223be04d8c (name=current_default, type=bridge)
2022-08-22T23:14:30.833844179Z image untag sha256:9bb7698f58af201fd0be814d2c40c36dd267f77f7d5354c9e49739965243954a (maintainer=NGINX Docker Maintainers <docker-maint@nginx.com>, name=sha256:9bb7698f58af201fd0be814d2c40c36dd267f77f7d5354c9e49739965243954a)
2022-08-22T23:14:30.842899290Z image delete sha256:9bb7698f58af201fd0be814d2c40c36dd267f77f7d5354c9e49739965243954a (name=sha256:9bb7698f58af201fd0be814d2c40c36dd267f77f7d5354c9e49739965243954a)
2022-08-22T23:14:30.850080034Z image untag sha256:b40155d77bf9284dcdac22d235a6778587b6fa71a7c3afb55523233852105cf8 (name=sha256:b40155d77bf9284dcdac22d235a6778587b6fa71a7c3afb55523233852105cf8)
2022-08-22T23:14:30.973035855Z image delete sha256:b40155d77bf9284dcdac22d235a6778587b6fa71a7c3afb55523233852105cf8 (name=sha256:b40155d77bf9284dcdac22d235a6778587b6fa71a7c3afb55523233852105cf8)
2022-08-22T23:14:30.986827527Z image untag sha256:0abac0c20fbe684709f0f5a3f27f1eb4cdb8e5aab1f3fa2fa77f740bdc5baaed (name=sha256:0abac0c20fbe684709f0f5a3f27f1eb4cdb8e5aab1f3fa2fa77f740bdc5baaed)
2022-08-22T23:14:31.233044187Z image delete sha256:0abac0c20fbe684709f0f5a3f27f1eb4cdb8e5aab1f3fa2fa77f740bdc5baaed (name=sha256:0abac0c20fbe684709f0f5a3f27f1eb4cdb8e5aab1f3fa2fa77f740bdc5baaed)
2022-08-22T23:14:31.239730089Z image untag sha256:e2cf18abe02c7908fb8825b03d5b3a42ac71643b305cda49587009beb5d92ae3 (maintainer=NGINX Docker Maintainers <docker-maint@nginx.com>, name=sha256:e2cf18abe02c7908fb8825b03d5b3a42ac71643b305cda49587009beb5d92ae3)
2022-08-22T23:14:31.423275542Z image delete sha256:e2cf18abe02c7908fb8825b03d5b3a42ac71643b305cda49587009beb5d92ae3 (name=sha256:e2cf18abe02c7908fb8825b03d5b3a42ac71643b305cda49587009beb5d92ae3)
2022-08-22T23:14:32.967634337Z network create 69101df3c404971f4e827b56aac8392da4c4767bbf5d96f3def379762a063c63 (name=current_default, type=bridge)
2022-08-22T23:14:38.660734656Z image pull cspalevic/multi-client:latest (maintainer=NGINX Docker Maintainers <docker-maint@nginx.com>, name=cspalevic/multi-client)
2022-08-22T23:14:44.194085026Z image pull cspalevic/multi-api:latest (name=cspalevic/multi-api)
2022-08-22T23:14:45.756896828Z image pull cspalevic/multi-worker:latest (name=cspalevic/multi-worker)
2022-08-22T23:14:46.075934500Z image pull cspalevic/multi-nginx:latest (maintainer=NGINX Docker Maintainers <docker-maint@nginx.com>, name=cspalevic/multi-nginx)
2022-08-22T23:14:46.218136533Z container create cdf1457004d83de93628e11b6015634698cf66987b8037e182df9032ee81d6d4 (com.docker.compose.config-hash=f51d13f0be13a6d2e40d611f6caa80e28f8c9dd5366fde0a241669483079d184, com.docker.compose.container-number=1, com.docker.compose.oneoff=False, com.docker.compose.project=current, com.docker.compose.project.config_files=docker-compose.yml, com.docker.compose.project.working_dir=/var/app/current, com.docker.compose.service=client, com.docker.compose.version=1.29.2, image=cspalevic/multi-client, maintainer=NGINX Docker Maintainers <docker-maint@nginx.com>, name=current_client_1)
2022-08-22T23:14:46.230436875Z container create 4a0a065e767a3f2999ad598a679decbda7b8351557a7bc59daa0a8497e1a449b (com.docker.compose.config-hash=af5a05c216e3463f2ba530d865d03a0d05fdfd44a46780880a3cda7111eb57a1, com.docker.compose.container-number=1, com.docker.compose.oneoff=False, com.docker.compose.project=current, com.docker.compose.project.config_files=docker-compose.yml, com.docker.compose.project.working_dir=/var/app/current, com.docker.compose.service=worker, com.docker.compose.version=1.29.2, image=cspalevic/multi-worker, name=current_worker_1)
2022-08-22T23:14:46.238052209Z container create 0ba8c772929eb7bc993d652b6166218c2dbc7c0d54ae5887bf0e4e014ad79524 (com.docker.compose.config-hash=cfd542f7a98fc5f1c7cbef9ee3495ab5d7df6008ecb1fb14fc7491d1448b27c3, com.docker.compose.container-number=1, com.docker.compose.oneoff=False, com.docker.compose.project=current, com.docker.compose.project.config_files=docker-compose.yml, com.docker.compose.project.working_dir=/var/app/current, com.docker.compose.service=nginx, com.docker.compose.version=1.29.2, image=cspalevic/multi-nginx, maintainer=NGINX Docker Maintainers <docker-maint@nginx.com>, name=current_nginx_1)
2022-08-22T23:14:46.239299711Z network disconnect 69101df3c404971f4e827b56aac8392da4c4767bbf5d96f3def379762a063c63 (container=cdf1457004d83de93628e11b6015634698cf66987b8037e182df9032ee81d6d4, name=current_default, type=bridge)
2022-08-22T23:14:46.247878705Z container create 8fef95b8eb34e4117cca9aa205141a155fcf28a0bf6bb4460ca9b94bed505b98 (com.docker.compose.config-hash=bac4da6ac98518e7d3a570e86412347ca85dadb7e60437172da9c49cfcd18d1c, com.docker.compose.container-number=1, com.docker.compose.oneoff=False, com.docker.compose.project=current, com.docker.compose.project.config_files=docker-compose.yml, com.docker.compose.project.working_dir=/var/app/current, com.docker.compose.service=api, com.docker.compose.version=1.29.2, image=cspalevic/multi-api, name=current_api_1)
2022-08-22T23:14:46.252244414Z network disconnect 69101df3c404971f4e827b56aac8392da4c4767bbf5d96f3def379762a063c63 (container=4a0a065e767a3f2999ad598a679decbda7b8351557a7bc59daa0a8497e1a449b, name=current_default, type=bridge)
2022-08-22T23:14:46.262629110Z network disconnect 69101df3c404971f4e827b56aac8392da4c4767bbf5d96f3def379762a063c63 (container=8fef95b8eb34e4117cca9aa205141a155fcf28a0bf6bb4460ca9b94bed505b98, name=current_default, type=bridge)
2022-08-22T23:14:46.263335346Z network disconnect 69101df3c404971f4e827b56aac8392da4c4767bbf5d96f3def379762a063c63 (container=0ba8c772929eb7bc993d652b6166218c2dbc7c0d54ae5887bf0e4e014ad79524, name=current_default, type=bridge)
2022-08-22T23:14:46.681826340Z network connect 69101df3c404971f4e827b56aac8392da4c4767bbf5d96f3def379762a063c63 (container=4a0a065e767a3f2999ad598a679decbda7b8351557a7bc59daa0a8497e1a449b, name=current_default, type=bridge)
2022-08-22T23:14:46.718752433Z network connect 69101df3c404971f4e827b56aac8392da4c4767bbf5d96f3def379762a063c63 (container=cdf1457004d83de93628e11b6015634698cf66987b8037e182df9032ee81d6d4, name=current_default, type=bridge)
2022-08-22T23:14:46.863222659Z network connect 69101df3c404971f4e827b56aac8392da4c4767bbf5d96f3def379762a063c63 (container=0ba8c772929eb7bc993d652b6166218c2dbc7c0d54ae5887bf0e4e014ad79524, name=current_default, type=bridge)
2022-08-22T23:14:46.873246752Z network connect 69101df3c404971f4e827b56aac8392da4c4767bbf5d96f3def379762a063c63 (container=8fef95b8eb34e4117cca9aa205141a155fcf28a0bf6bb4460ca9b94bed505b98, name=current_default, type=bridge)
2022-08-22T23:14:48.358032999Z container start 4a0a065e767a3f2999ad598a679decbda7b8351557a7bc59daa0a8497e1a449b (com.docker.compose.config-hash=af5a05c216e3463f2ba530d865d03a0d05fdfd44a46780880a3cda7111eb57a1, com.docker.compose.container-number=1, com.docker.compose.oneoff=False, com.docker.compose.project=current, com.docker.compose.project.config_files=docker-compose.yml, com.docker.compose.project.working_dir=/var/app/current, com.docker.compose.service=worker, com.docker.compose.version=1.29.2, image=cspalevic/multi-worker, name=current_worker_1)
2022-08-22T23:14:48.983685549Z container start cdf1457004d83de93628e11b6015634698cf66987b8037e182df9032ee81d6d4 (com.docker.compose.config-hash=f51d13f0be13a6d2e40d611f6caa80e28f8c9dd5366fde0a241669483079d184, com.docker.compose.container-number=1, com.docker.compose.oneoff=False, com.docker.compose.project=current, com.docker.compose.project.config_files=docker-compose.yml, com.docker.compose.project.working_dir=/var/app/current, com.docker.compose.service=client, com.docker.compose.version=1.29.2, image=cspalevic/multi-client, maintainer=NGINX Docker Maintainers <docker-maint@nginx.com>, name=current_client_1)
2022-08-22T23:14:49.172721926Z container start 0ba8c772929eb7bc993d652b6166218c2dbc7c0d54ae5887bf0e4e014ad79524 (com.docker.compose.config-hash=cfd542f7a98fc5f1c7cbef9ee3495ab5d7df6008ecb1fb14fc7491d1448b27c3, com.docker.compose.container-number=1, com.docker.compose.oneoff=False, com.docker.compose.project=current, com.docker.compose.project.config_files=docker-compose.yml, com.docker.compose.project.working_dir=/var/app/current, com.docker.compose.service=nginx, com.docker.compose.version=1.29.2, image=cspalevic/multi-nginx, maintainer=NGINX Docker Maintainers <docker-maint@nginx.com>, name=current_nginx_1)
2022-08-22T23:14:49.180156001Z container start 8fef95b8eb34e4117cca9aa205141a155fcf28a0bf6bb4460ca9b94bed505b98 (com.docker.compose.config-hash=bac4da6ac98518e7d3a570e86412347ca85dadb7e60437172da9c49cfcd18d1c, com.docker.compose.container-number=1, com.docker.compose.oneoff=False, com.docker.compose.project=current, com.docker.compose.project.config_files=docker-compose.yml, com.docker.compose.project.working_dir=/var/app/current, com.docker.compose.service=api, com.docker.compose.version=1.29.2, image=cspalevic/multi-api, name=current_api_1)
2022-08-22T23:14:52.779520847Z image tag sha256:0abac0c20fbe684709f0f5a3f27f1eb4cdb8e5aab1f3fa2fa77f740bdc5baaed (name=cspalevic/multi-worker:latest)
2022-08-22T23:14:52.857466692Z image tag sha256:b40155d77bf9284dcdac22d235a6778587b6fa71a7c3afb55523233852105cf8 (name=cspalevic/multi-api:latest)
2022-08-22T23:14:52.937454625Z image tag sha256:e2cf18abe02c7908fb8825b03d5b3a42ac71643b305cda49587009beb5d92ae3 (maintainer=NGINX Docker Maintainers <docker-maint@nginx.com>, name=cspalevic/multi-nginx:latest)
2022-08-22T23:14:53.014634543Z image tag sha256:9bb7698f58af201fd0be814d2c40c36dd267f77f7d5354c9e49739965243954a (maintainer=NGINX Docker Maintainers <docker-maint@nginx.com>, name=cspalevic/multi-client:latest)
2022-08-22T23:15:41.139677044Z container die 8fef95b8eb34e4117cca9aa205141a155fcf28a0bf6bb4460ca9b94bed505b98 (com.docker.compose.config-hash=bac4da6ac98518e7d3a570e86412347ca85dadb7e60437172da9c49cfcd18d1c, com.docker.compose.container-number=1, com.docker.compose.oneoff=False, com.docker.compose.project=current, com.docker.compose.project.config_files=docker-compose.yml, com.docker.compose.project.working_dir=/var/app/current, com.docker.compose.service=api, com.docker.compose.version=1.29.2, exitCode=1, image=cspalevic/multi-api, name=current_api_1)
2022-08-22T23:15:41.211371165Z network disconnect 69101df3c404971f4e827b56aac8392da4c4767bbf5d96f3def379762a063c63 (container=8fef95b8eb34e4117cca9aa205141a155fcf28a0bf6bb4460ca9b94bed505b98, name=current_default, type=bridge)
