2022-08-22 23:09:51.600146 container create 19503a17527aef087c27834bd5135b7b6a19fe1f1f1dc9414c0d3a4a38958bb0 (image=cspalevic/multi-nginx, maintainer=NGINX Docker Maintainers <docker-maint@nginx.com>, name=current_nginx_1)
2022-08-22 23:09:51.614082 container create 8aa64845ada1add5245cb31cfeb2f89dbf0fdec3c4402eb54a1c1f89559f33e7 (image=cspalevic/multi-worker, name=current_worker_1)
2022-08-22 23:09:51.617573 container create f5983259ff5fdb2f5c165ef3d024beadbb018905c16488a3dfa98da42147d519 (image=cspalevic/multi-client, maintainer=NGINX Docker Maintainers <docker-maint@nginx.com>, name=current_client_1)
2022-08-22 23:09:51.632073 container create 55bee11e28042b94b598d343f56d125ddb9e99c0ae5fc5d42786158ce52cc646 (image=cspalevic/multi-api, name=current_api_1)
2022-08-22 23:09:53.717676 container start f5983259ff5fdb2f5c165ef3d024beadbb018905c16488a3dfa98da42147d519 (image=cspalevic/multi-client, maintainer=NGINX Docker Maintainers <docker-maint@nginx.com>, name=current_client_1)
2022-08-22 23:09:54.040708 container start 19503a17527aef087c27834bd5135b7b6a19fe1f1f1dc9414c0d3a4a38958bb0 (image=cspalevic/multi-nginx, maintainer=NGINX Docker Maintainers <docker-maint@nginx.com>, name=current_nginx_1)
2022-08-22 23:09:54.147502 container start 8aa64845ada1add5245cb31cfeb2f89dbf0fdec3c4402eb54a1c1f89559f33e7 (image=cspalevic/multi-worker, name=current_worker_1)
2022-08-22 23:09:54.163095 container start 55bee11e28042b94b598d343f56d125ddb9e99c0ae5fc5d42786158ce52cc646 (image=cspalevic/multi-api, name=current_api_1)
2022-08-22 23:10:03.074274 container die 8aa64845ada1add5245cb31cfeb2f89dbf0fdec3c4402eb54a1c1f89559f33e7 (exitCode=1, image=cspalevic/multi-worker, name=current_worker_1)
2022-08-22 23:10:03.453327 container die 55bee11e28042b94b598d343f56d125ddb9e99c0ae5fc5d42786158ce52cc646 (exitCode=1, image=cspalevic/multi-api, name=current_api_1)
2022-08-22 23:14:17.709523 container destroy 55bee11e28042b94b598d343f56d125ddb9e99c0ae5fc5d42786158ce52cc646 (image=cspalevic/multi-api, name=current_api_1)
2022-08-22 23:14:17.715948 container destroy 8aa64845ada1add5245cb31cfeb2f89dbf0fdec3c4402eb54a1c1f89559f33e7 (image=cspalevic/multi-worker, name=current_worker_1)
2022-08-22 23:14:46.218136 container create cdf1457004d83de93628e11b6015634698cf66987b8037e182df9032ee81d6d4 (image=cspalevic/multi-client, maintainer=NGINX Docker Maintainers <docker-maint@nginx.com>, name=current_client_1)
2022-08-22 23:14:46.230436 container create 4a0a065e767a3f2999ad598a679decbda7b8351557a7bc59daa0a8497e1a449b (image=cspalevic/multi-worker, name=current_worker_1)
2022-08-22 23:14:46.238052 container create 0ba8c772929eb7bc993d652b6166218c2dbc7c0d54ae5887bf0e4e014ad79524 (image=cspalevic/multi-nginx, maintainer=NGINX Docker Maintainers <docker-maint@nginx.com>, name=current_nginx_1)
2022-08-22 23:14:46.247878 container create 8fef95b8eb34e4117cca9aa205141a155fcf28a0bf6bb4460ca9b94bed505b98 (image=cspalevic/multi-api, name=current_api_1)
2022-08-22 23:14:48.358032 container start 4a0a065e767a3f2999ad598a679decbda7b8351557a7bc59daa0a8497e1a449b (image=cspalevic/multi-worker, name=current_worker_1)
2022-08-22 23:14:48.983685 container start cdf1457004d83de93628e11b6015634698cf66987b8037e182df9032ee81d6d4 (image=cspalevic/multi-client, maintainer=NGINX Docker Maintainers <docker-maint@nginx.com>, name=current_client_1)
2022-08-22 23:14:49.172721 container start 0ba8c772929eb7bc993d652b6166218c2dbc7c0d54ae5887bf0e4e014ad79524 (image=cspalevic/multi-nginx, maintainer=NGINX Docker Maintainers <docker-maint@nginx.com>, name=current_nginx_1)
2022-08-22 23:14:49.180156 container start 8fef95b8eb34e4117cca9aa205141a155fcf28a0bf6bb4460ca9b94bed505b98 (image=cspalevic/multi-api, name=current_api_1)
2022-08-22 23:15:41.139677 container die 8fef95b8eb34e4117cca9aa205141a155fcf28a0bf6bb4460ca9b94bed505b98 (exitCode=1, image=cspalevic/multi-api, name=current_api_1)
