[2022-08-22T22:43:44Z] Started EB User Data
+ SLEEP_TIME=10
+ SLEEP_TIME_MAX=3600
+ true
+ curl https://elasticbeanstalk-platform-assets-us-east-1.s3.amazonaws.com/stalks/eb_docker_amazon_linux_2_1.0.2078.0_20220801180405/lib/UserDataScript.sh
  % Total    % Received % Xferd  Average Speed   Time    Time     Time  Current
                                 Dload  Upload   Total   Spent    Left  Speed
  0     0    0     0    0     0      0      0 --:--:-- --:--:-- --:--:--     0100  4627  100  4627    0     0  73163      0 --:--:-- --:--:-- --:--:-- 73444
+ RESULT=0
+ [[ 0 -ne 0 ]]
+ SLEEP_TIME=2
+ /bin/bash /tmp/ebbootstrap.sh 'https://cloudformation-waitcondition-us-east-1.s3.amazonaws.com/arn%3Aaws%3Acloudformation%3Aus-east-1%3A075433893437%3Astack/awseb-e-zisqamdmht-stack/798c4620-2269-11ed-9e9d-0aaea198d3a5/AWSEBInstanceLaunchWaitHandle?X-Amz-Algorithm=AWS4-HMAC-SHA256&X-Amz-Date=20220822T222640Z&X-Amz-SignedHeaders=host&X-Amz-Expires=86399&X-Amz-Credential=AKIA6L7Q4OWT2GZYHG7N%2F20220822%2Fus-east-1%2Fs3%2Faws4_request&X-Amz-Signature=5053f6d20d14971c5709495eaf201d53cfacddf7e2ec25e40eeb4a2785de2c58' arn:aws:cloudformation:us-east-1:075433893437:stack/awseb-e-zisqamdmht-stack/798c4620-2269-11ed-9e9d-0aaea198d3a5 ff14ee1d-9123-46e9-a660-e1c8df90b654 https://elasticbeanstalk-health.us-east-1.amazonaws.com '' https://elasticbeanstalk-platform-assets-us-east-1.s3.amazonaws.com/stalks/eb_docker_amazon_linux_2_1.0.2078.0_20220801180405 us-east-1
[2022-08-22T22:43:44.776Z] Started EB Bootstrapping Script.
[2022-08-22T22:43:44.791Z] Received parameters:
 TARBALLS = 
 EB_GEMS = 
 SIGNAL_URL = https://cloudformation-waitcondition-us-east-1.s3.amazonaws.com/arn%3Aaws%3Acloudformation%3Aus-east-1%3A075433893437%3Astack/awseb-e-zisqamdmht-stack/798c4620-2269-11ed-9e9d-0aaea198d3a5/AWSEBInstanceLaunchWaitHandle?X-Amz-Algorithm=AWS4-HMAC-SHA256&X-Amz-Date=20220822T222640Z&X-Amz-SignedHeaders=host&X-Amz-Expires=86399&X-Amz-Credential=AKIA6L7Q4OWT2GZYHG7N%2F20220822%2Fus-east-1%2Fs3%2Faws4_request&X-Amz-Signature=5053f6d20d14971c5709495eaf201d53cfacddf7e2ec25e40eeb4a2785de2c58
 STACK_ID = arn:aws:cloudformation:us-east-1:075433893437:stack/awseb-e-zisqamdmht-stack/798c4620-2269-11ed-9e9d-0aaea198d3a5
 REGION = us-east-1
 GUID = 
 HEALTHD_GROUP_ID = ff14ee1d-9123-46e9-a660-e1c8df90b654
 HEALTHD_ENDPOINT = https://elasticbeanstalk-health.us-east-1.amazonaws.com
 PROXY_SERVER = 
 HEALTHD_PROXY_LOG_LOCATION = 
 PLATFORM_ASSETS_URL = https://elasticbeanstalk-platform-assets-us-east-1.s3.amazonaws.com/stalks/eb_docker_amazon_linux_2_1.0.2078.0_20220801180405
[2022-08-22T22:43:44.870Z] engine url is set to https://elasticbeanstalk-platform-assets-us-east-1.s3.amazonaws.com/stalks/eb_docker_amazon_linux_2_1.0.2078.0_20220801180405/lib/platform-engine.zip
[2022-08-22T22:43:44.912Z] first init of instance.
[2022-08-22T22:43:44.928Z] Started executing cfn_init _OnInstanceBoot.
[2022-08-22T22:43:44.941Z] Running cfn-init ConfigSet: _OnInstanceBoot.
[2022-08-22T22:43:44.954Z] Using stack-id from userdata
[2022-08-22T22:43:45.882Z] Command Returned: 
[2022-08-22T22:43:45.892Z] Completed executing cfn_init.
[2022-08-22T22:43:45.901Z] finished _OnInstanceBoot
--2022-08-22 22:43:45--  https://elasticbeanstalk-platform-assets-us-east-1.s3.amazonaws.com/stalks/eb_docker_amazon_linux_2_1.0.2078.0_20220801180405/lib/platform-engine.zip
Resolving elasticbeanstalk-platform-assets-us-east-1.s3.amazonaws.com (elasticbeanstalk-platform-assets-us-east-1.s3.amazonaws.com)... 52.217.73.236
Connecting to elasticbeanstalk-platform-assets-us-east-1.s3.amazonaws.com (elasticbeanstalk-platform-assets-us-east-1.s3.amazonaws.com)|52.217.73.236|:443... connected.
HTTP request sent, awaiting response... 200 OK
Length: 33260873 (32M) [application/zip]
Saving to: ‘/tmp/platform-engine.zip’

     0K .......... .......... .......... .......... ..........  0% 6.21M 5s
    50K .......... .......... .......... .......... ..........  0% 3.96M 7s
   100K .......... .......... .......... .......... ..........  0% 15.2M 5s
   150K .......... .......... .......... .......... ..........  0% 55.7M 4s
   200K .......... .......... .......... .......... ..........  0% 6.07M 4s
   250K .......... .......... .......... .......... ..........  0% 5.30M 4s
   300K .......... .......... .......... .......... ..........  1%  149M 4s
   350K .......... .......... .......... .......... ..........  1% 5.21M 4s
   400K .......... .......... .......... .......... ..........  1% 3.48M 5s
   450K .......... .......... .......... .......... ..........  1% 5.23M 5s
   500K .......... .......... .......... .......... ..........  1% 5.34M 5s
   550K .......... .......... .......... .......... ..........  1% 5.08M 5s
   600K .......... .......... .......... .......... ..........  2%  201M 5s
   650K .......... .......... .......... .......... ..........  2% 5.31M 5s
   700K .......... .......... .......... .......... ..........  2% 5.46M 5s
   750K .......... .......... .......... .......... ..........  2% 5.50M 5s
   800K .......... .......... .......... .......... ..........  2%  214M 4s
   850K .......... .......... .......... .......... ..........  2% 88.2M 4s
   900K .......... .......... .......... .......... ..........  2% 78.7M 4s
   950K .......... .......... .......... .......... ..........  3% 5.95M 4s
  1000K .......... .......... .......... .......... ..........  3% 5.51M 4s
  1050K .......... .......... .......... .......... ..........  3%  216M 4s
  1100K .......... .......... .......... .......... ..........  3% 4.61M 4s
  1150K .......... .......... .......... .......... ..........  3%  240M 4s
  1200K .......... .......... .......... .......... ..........  3% 67.2M 4s
  1250K .......... .......... .......... .......... ..........  4% 5.58M 4s
  1300K .......... .......... .......... .......... ..........  4% 6.27M 4s
  1350K .......... .......... .......... .......... ..........  4%  242M 4s
  1400K .......... .......... .......... .......... ..........  4%  126M 4s
  1450K .......... .......... .......... .......... ..........  4% 6.01M 4s
  1500K .......... .......... .......... .......... ..........  4%  224M 4s
  1550K .......... .......... .......... .......... ..........  4% 6.05M 4s
  1600K .......... .......... .......... .......... ..........  5%  224M 3s
  1650K .......... .......... .......... .......... ..........  5%  111M 3s
  1700K .......... .......... .......... .......... ..........  5% 5.86M 3s
  1750K .......... .......... .......... .......... ..........  5%  266M 3s
  1800K .......... .......... .......... .......... ..........  5% 79.3M 3s
  1850K .......... .......... .......... .......... ..........  5% 5.26M 3s
  1900K .......... .......... .......... .......... ..........  6%  236M 3s
  1950K .......... .......... .......... .......... ..........  6% 4.78M 3s
  2000K .......... .......... .......... .......... ..........  6%  159M 3s
  2050K .......... .......... .......... .......... ..........  6% 4.74M 3s
  2100K .......... .......... .......... .......... ..........  6%  227M 3s
  2150K .......... .......... .......... .......... ..........  6%  176M 3s
  2200K .......... .......... .......... .......... ..........  6% 61.8M 3s
  2250K .......... .......... .......... .......... ..........  7% 4.39M 3s
  2300K .......... .......... .......... .......... ..........  7%  155M 3s
  2350K .......... .......... .......... .......... ..........  7% 88.1M 3s
  2400K .......... .......... .......... .......... ..........  7% 5.51M 3s
  2450K .......... .......... .......... .......... ..........  7%  219M 3s
  2500K .......... .......... .......... .......... ..........  7%  166M 3s
  2550K .......... .......... .......... .......... ..........  8% 63.6M 3s
  2600K .......... .......... .......... .......... ..........  8% 74.7M 3s
  2650K .......... .......... .......... .......... ..........  8% 5.86M 3s
  2700K .......... .......... .......... .......... ..........  8%  144M 3s
  2750K .......... .......... .......... .......... ..........  8%  206M 3s
  2800K .......... .......... .......... .......... ..........  8%  155M 3s
  2850K .......... .......... .......... .......... ..........  8% 60.8M 3s
  2900K .......... .......... .......... .......... ..........  9% 6.43M 3s
  2950K .......... .......... .......... .......... ..........  9%  145M 3s
  3000K .......... .......... .......... .......... ..........  9%  201M 3s
  3050K .......... .......... .......... .......... ..........  9%  157M 3s
  3100K .......... .......... .......... .......... ..........  9% 68.7M 2s
  3150K .......... .......... .......... .......... ..........  9% 46.9M 2s
  3200K .......... .......... .......... .......... .......... 10% 6.07M 2s
  3250K .......... .......... .......... .......... .......... 10%  135M 2s
  3300K .......... .......... .......... .......... .......... 10%  166M 2s
  3350K .......... .......... .......... .......... .......... 10%  201M 2s
  3400K .......... .......... .......... .......... .......... 10% 80.2M 2s
  3450K .......... .......... .......... .......... .......... 10% 7.16M 2s
  3500K .......... .......... .......... .......... .......... 10%  115M 2s
  3550K .......... .......... .......... .......... .......... 11%  145M 2s
  3600K .......... .......... .......... .......... .......... 11%  156M 2s
  3650K .......... .......... .......... .......... .......... 11%  132M 2s
  3700K .......... .......... .......... .......... .......... 11% 5.00M 2s
  3750K .......... .......... .......... .......... .......... 11%  219M 2s
  3800K .......... .......... .......... .......... .......... 11% 57.6M 2s
  3850K .......... .......... .......... .......... .......... 12% 68.9M 2s
  3900K .......... .......... .......... .......... .......... 12% 75.4M 2s
  3950K .......... .......... .......... .......... .......... 12% 56.5M 2s
  4000K .......... .......... .......... .......... .......... 12% 67.1M 2s
  4050K .......... .......... .......... .......... .......... 12% 71.2M 2s
  4100K .......... .......... .......... .......... .......... 12% 67.5M 2s
  4150K .......... .......... .......... .......... .......... 12% 63.5M 2s
  4200K .......... .......... .......... .......... .......... 13% 49.9M 2s
  4250K .......... .......... .......... .......... .......... 13%  141M 2s
  4300K .......... .......... .......... .......... .......... 13% 6.01M 2s
  4350K .......... .......... .......... .......... .......... 13% 89.2M 2s
  4400K .......... .......... .......... .......... .......... 13%  232M 2s
  4450K .......... .......... .......... .......... .......... 13%  151M 2s
  4500K .......... .......... .......... .......... .......... 14%  154M 2s
  4550K .......... .......... .......... .......... .......... 14%  162M 2s
  4600K .......... .......... .......... .......... .......... 14%  164M 2s
  4650K .......... .......... .......... .......... .......... 14% 5.84M 2s
  4700K .......... .......... .......... .......... .......... 14% 86.4M 2s
  4750K .......... .......... .......... .......... .......... 14%  196M 2s
  4800K .......... .......... .......... .......... .......... 14%  197M 2s
  4850K .......... .......... .......... .......... .......... 15%  243M 2s
  4900K .......... .......... .......... .......... .......... 15%  249M 2s
  4950K .......... .......... .......... .......... .......... 15% 76.8M 2s
  5000K .......... .......... .......... .......... .......... 15% 48.6M 2s
  5050K .......... .......... .......... .......... .......... 15% 5.86M 2s
  5100K .......... .......... .......... .......... .......... 15%  272M 2s
  5150K .......... .......... .......... .......... .......... 16%  104M 2s
  5200K .......... .......... .......... .......... .......... 16%  230M 2s
  5250K .......... .......... .......... .......... .......... 16%  232M 2s
  5300K .......... .......... .......... .......... .......... 16%  225M 2s
  5350K .......... .......... .......... .......... .......... 16%  138M 2s
  5400K .......... .......... .......... .......... .......... 16% 5.18M 2s
  5450K .......... .......... .......... .......... .......... 16%  174M 2s
  5500K .......... .......... .......... .......... .......... 17%  144M 2s
  5550K .......... .......... .......... .......... .......... 17%  158M 2s
  5600K .......... .......... .......... .......... .......... 17%  163M 2s
  5650K .......... .......... .......... .......... .......... 17%  156M 2s
  5700K .......... .......... .......... .......... .......... 17%  169M 2s
  5750K .......... .......... .......... .......... .......... 17% 55.1M 2s
  5800K .......... .......... .......... .......... .......... 18% 5.82M 2s
  5850K .......... .......... .......... .......... .......... 18%  209M 2s
  5900K .......... .......... .......... .......... .......... 18% 73.1M 2s
  5950K .......... .......... .......... .......... .......... 18%  191M 2s
  6000K .......... .......... .......... .......... .......... 18%  212M 2s
  6050K .......... .......... .......... .......... .......... 18%  199M 2s
  6100K .......... .......... .......... .......... .......... 18%  198M 2s
  6150K .......... .......... .......... .......... .......... 19%  171M 2s
  6200K .......... .......... .......... .......... .......... 19%  177M 2s
  6250K .......... .......... .......... .......... .......... 19% 6.38M 2s
  6300K .......... .......... .......... .......... .......... 19% 94.9M 2s
  6350K .......... .......... .......... .......... .......... 19%  163M 1s
  6400K .......... .......... .......... .......... .......... 19%  193M 1s
  6450K .......... .......... .......... .......... .......... 20% 88.4M 1s
  6500K .......... .......... .......... .......... .......... 20% 64.0M 1s
  6550K .......... .......... .......... .......... .......... 20% 70.3M 1s
  6600K .......... .......... .......... .......... .......... 20% 77.9M 1s
  6650K .......... .......... .......... .......... .......... 20% 58.4M 1s
  6700K .......... .......... .......... .......... .......... 20% 5.96M 1s
  6750K .......... .......... .......... .......... .......... 20% 82.4M 1s
  6800K .......... .......... .......... .......... .......... 21%  177M 1s
  6850K .......... .......... .......... .......... .......... 21%  215M 1s
  6900K .......... .......... .......... .......... .......... 21%  152M 1s
  6950K .......... .......... .......... .......... .......... 21%  172M 1s
  7000K .......... .......... .......... .......... .......... 21%  166M 1s
  7050K .......... .......... .......... .......... .......... 21% 66.0M 1s
  7100K .......... .......... .......... .......... .......... 22% 7.56M 1s
  7150K .......... .......... .......... .......... .......... 22% 88.5M 1s
  7200K .......... .......... .......... .......... .......... 22%  155M 1s
  7250K .......... .......... .......... .......... .......... 22%  202M 1s
  7300K .......... .......... .......... .......... .......... 22%  147M 1s
  7350K .......... .......... .......... .......... .......... 22%  163M 1s
  7400K .......... .......... .......... .......... .......... 22% 67.2M 1s
  7450K .......... .......... .......... .......... .......... 23% 6.87M 1s
  7500K .......... .......... .......... .......... .......... 23% 92.2M 1s
  7550K .......... .......... .......... .......... .......... 23%  163M 1s
  7600K .......... .......... .......... .......... .......... 23%  170M 1s
  7650K .......... .......... .......... .......... .......... 23%  195M 1s
  7700K .......... .......... .......... .......... .......... 23%  155M 1s
  7750K .......... .......... .......... .......... .......... 24% 66.8M 1s
  7800K .......... .......... .......... .......... .......... 24% 6.08M 1s
  7850K .......... .......... .......... .......... .......... 24%  242M 1s
  7900K .......... .......... .......... .......... .......... 24% 83.6M 1s
  7950K .......... .......... .......... .......... .......... 24%  172M 1s
  8000K .......... .......... .......... .......... .......... 24%  170M 1s
  8050K .......... .......... .......... .......... .......... 24%  170M 1s
  8100K .......... .......... .......... .......... .......... 25%  162M 1s
  8150K .......... .......... .......... .......... .......... 25%  153M 1s
  8200K .......... .......... .......... .......... .......... 25%  159M 1s
  8250K .......... .......... .......... .......... .......... 25% 6.53M 1s
  8300K .......... .......... .......... .......... .......... 25% 84.9M 1s
  8350K .......... .......... .......... .......... .......... 25%  183M 1s
  8400K .......... .......... .......... .......... .......... 26%  245M 1s
  8450K .......... .......... .......... .......... .......... 26%  106M 1s
  8500K .......... .......... .......... .......... .......... 26% 81.9M 1s
  8550K .......... .......... .......... .......... .......... 26% 88.8M 1s
  8600K .......... .......... .......... .......... .......... 26% 67.4M 1s
  8650K .......... .......... .......... .......... .......... 26% 6.36M 1s
  8700K .......... .......... .......... .......... .......... 26% 94.0M 1s
  8750K .......... .......... .......... .......... .......... 27%  137M 1s
  8800K .......... .......... .......... .......... .......... 27%  183M 1s
  8850K .......... .......... .......... .......... .......... 27%  140M 1s
  8900K .......... .......... .......... .......... .......... 27%  155M 1s
  8950K .......... .......... .......... .......... .......... 27%  195M 1s
  9000K .......... .......... .......... .......... .......... 27% 61.6M 1s
  9050K .......... .......... .......... .......... .......... 28% 6.46M 1s
  9100K .......... .......... .......... .......... .......... 28% 97.2M 1s
  9150K .......... .......... .......... .......... .......... 28%  144M 1s
  9200K .......... .......... .......... .......... .......... 28%  156M 1s
  9250K .......... .......... .......... .......... .......... 28%  176M 1s
  9300K .......... .......... .......... .......... .......... 28%  194M 1s
  9350K .......... .......... .......... .......... .......... 28%  217M 1s
  9400K .......... .......... .......... .......... .......... 29% 7.48M 1s
  9450K .......... .......... .......... .......... .......... 29%  236M 1s
  9500K .......... .......... .......... .......... .......... 29% 95.4M 1s
  9550K .......... .......... .......... .......... .......... 29%  185M 1s
  9600K .......... .......... .......... .......... .......... 29%  198M 1s
  9650K .......... .......... .......... .......... .......... 29%  177M 1s
  9700K .......... .......... .......... .......... .......... 30%  160M 1s
  9750K .......... .......... .......... .......... .......... 30%  148M 1s
  9800K .......... .......... .......... .......... .......... 30% 78.7M 1s
  9850K .......... .......... .......... .......... .......... 30% 6.38M 1s
  9900K .......... .......... .......... .......... .......... 30%  239M 1s
  9950K .......... .......... .......... .......... .......... 30% 87.9M 1s
 10000K .......... .......... .......... .......... .......... 30% 84.3M 1s
 10050K .......... .......... .......... .......... .......... 31% 61.5M 1s
 10100K .......... .......... .......... .......... .......... 31% 62.5M 1s
 10150K .......... .......... .......... .......... .......... 31% 68.1M 1s
 10200K .......... .......... .......... .......... .......... 31% 70.3M 1s
 10250K .......... .......... .......... .......... .......... 31% 70.3M 1s
 10300K .......... .......... .......... .......... .......... 31% 78.1M 1s
 10350K .......... .......... .......... .......... .......... 32% 69.9M 1s
 10400K .......... .......... .......... .......... .......... 32% 70.8M 1s
 10450K .......... .......... .......... .......... .......... 32% 5.71M 1s
 10500K .......... .......... .......... .......... .......... 32%  235M 1s
 10550K .......... .......... .......... .......... .......... 32% 87.9M 1s
 10600K .......... .......... .......... .......... .......... 32%  177M 1s
 10650K .......... .......... .......... .......... .......... 32%  141M 1s
 10700K .......... .......... .......... .......... .......... 33% 62.3M 1s
 10750K .......... .......... .......... .......... .......... 33% 69.4M 1s
 10800K .......... .......... .......... .......... .......... 33% 78.7M 1s
 10850K .......... .......... .......... .......... .......... 33% 67.1M 1s
 10900K .......... .......... .......... .......... .......... 33% 66.7M 1s
 10950K .......... .......... .......... .......... .......... 33% 76.3M 1s
 11000K .......... .......... .......... .......... .......... 34% 5.88M 1s
 11050K .......... .......... .......... .......... .......... 34%  101M 1s
 11100K .......... .......... .......... .......... .......... 34%  178M 1s
 11150K .......... .......... .......... .......... .......... 34%  147M 1s
 11200K .......... .......... .......... .......... .......... 34%  145M 1s
 11250K .......... .......... .......... .......... .......... 34%  162M 1s
 11300K .......... .......... .......... .......... .......... 34%  182M 1s
 11350K .......... .......... .......... .......... .......... 35% 6.18M 1s
 11400K .......... .......... .......... .......... .......... 35% 91.7M 1s
 11450K .......... .......... .......... .......... .......... 35%  138M 1s
 11500K .......... .......... .......... .......... .......... 35%  140M 1s
 11550K .......... .......... .......... .......... .......... 35%  100M 1s
 11600K .......... .......... .......... .......... .......... 35% 71.9M 1s
 11650K .......... .......... .......... .......... .......... 36% 62.7M 1s
 11700K .......... .......... .......... .......... .......... 36% 73.5M 1s
 11750K .......... .......... .......... .......... .......... 36% 74.9M 1s
 11800K .......... .......... .......... .......... .......... 36% 66.1M 1s
 11850K .......... .......... .......... .......... .......... 36% 44.1M 1s
 11900K .......... .......... .......... .......... .......... 36%  101M 1s
 11950K .......... .......... .......... .......... .......... 36% 6.96M 1s
 12000K .......... .......... .......... .......... .......... 37% 84.9M 1s
 12050K .......... .......... .......... .......... .......... 37%  180M 1s
 12100K .......... .......... .......... .......... .......... 37%  199M 1s
 12150K .......... .......... .......... .......... .......... 37%  195M 1s
 12200K .......... .......... .......... .......... .......... 37%  207M 1s
 12250K .......... .......... .......... .......... .......... 37%  204M 1s
 12300K .......... .......... .......... .......... .......... 38% 6.80M 1s
 12350K .......... .......... .......... .......... .......... 38%  279M 1s
 12400K .......... .......... .......... .......... .......... 38%  102M 1s
 12450K .......... .......... .......... .......... .......... 38%  196M 1s
 12500K .......... .......... .......... .......... .......... 38%  173M 1s
 12550K .......... .......... .......... .......... .......... 38%  207M 1s
 12600K .......... .......... .......... .......... .......... 38%  171M 1s
 12650K .......... .......... .......... .......... .......... 39% 57.8M 1s
 12700K .......... .......... .......... .......... .......... 39% 7.64M 1s
 12750K .......... .......... .......... .......... .......... 39%  105M 1s
 12800K .......... .......... .......... .......... .......... 39%  217M 1s
 12850K .......... .......... .......... .......... .......... 39%  250M 1s
 12900K .......... .......... .......... .......... .......... 39%  197M 1s
 12950K .......... .......... .......... .......... .......... 40% 6.77M 1s
 13000K .......... .......... .......... .......... .......... 40%  254M 1s
 13050K .......... .......... .......... .......... .......... 40% 80.9M 1s
 13100K .......... .......... .......... .......... .......... 40%  165M 1s
 13150K .......... .......... .......... .......... .......... 40%  125M 1s
 13200K .......... .......... .......... .......... .......... 40% 87.0M 1s
 13250K .......... .......... .......... .......... .......... 40% 65.0M 1s
 13300K .......... .......... .......... .......... .......... 41% 56.5M 1s
 13350K .......... .......... .......... .......... .......... 41% 72.5M 1s
 13400K .......... .......... .......... .......... .......... 41% 84.1M 1s
 13450K .......... .......... .......... .......... .......... 41% 67.7M 1s
 13500K .......... .......... .......... .......... .......... 41% 50.1M 1s
 13550K .......... .......... .......... .......... .......... 41% 67.9M 1s
 13600K .......... .......... .......... .......... .......... 42% 63.5M 1s
 13650K .......... .......... .......... .......... .......... 42% 69.0M 1s
 13700K .......... .......... .......... .......... .......... 42% 73.3M 1s
 13750K .......... .......... .......... .......... .......... 42% 35.2M 1s
 13800K .......... .......... .......... .......... .......... 42% 6.88M 1s
 13850K .......... .......... .......... .......... .......... 42%  231M 1s
 13900K .......... .......... .......... .......... .......... 42% 86.8M 1s
 13950K .......... .......... .......... .......... .......... 43%  185M 1s
 14000K .......... .......... .......... .......... .......... 43%  252M 1s
 14050K .......... .......... .......... .......... .......... 43%  289M 1s
 14100K .......... .......... .......... .......... .......... 43%  232M 1s
 14150K .......... .......... .......... .......... .......... 43% 5.90M 1s
 14200K .......... .......... .......... .......... .......... 43%  261M 1s
 14250K .......... .......... .......... .......... .......... 44%  111M 1s
 14300K .......... .......... .......... .......... .......... 44%  168M 1s
 14350K .......... .......... .......... .......... .......... 44%  189M 1s
 14400K .......... .......... .......... .......... .......... 44%  193M 1s
 14450K .......... .......... .......... .......... .......... 44% 96.7M 1s
 14500K .......... .......... .......... .......... .......... 44% 70.1M 1s
 14550K .......... .......... .......... .......... .......... 44% 49.9M 1s
 14600K .......... .......... .......... .......... .......... 45% 6.88M 1s
 14650K .......... .......... .......... .......... .......... 45% 96.4M 1s
 14700K .......... .......... .......... .......... .......... 45%  185M 1s
 14750K .......... .......... .......... .......... .......... 45%  225M 1s
 14800K .......... .......... .......... .......... .......... 45%  197M 1s
 14850K .......... .......... .......... .......... .......... 45%  219M 1s
 14900K .......... .......... .......... .......... .......... 46% 74.9M 1s
 14950K .......... .......... .......... .......... .......... 46% 6.87M 1s
 15000K .......... .......... .......... .......... .......... 46% 87.2M 1s
 15050K .......... .......... .......... .......... .......... 46%  201M 1s
 15100K .......... .......... .......... .......... .......... 46%  176M 1s
 15150K .......... .......... .......... .......... .......... 46%  186M 1s
 15200K .......... .......... .......... .......... .......... 46%  210M 1s
 15250K .......... .......... .......... .......... .......... 47% 82.3M 1s
 15300K .......... .......... .......... .......... .......... 47% 62.4M 1s
 15350K .......... .......... .......... .......... .......... 47% 79.0M 1s
 15400K .......... .......... .......... .......... .......... 47% 6.69M 1s
 15450K .......... .......... .......... .......... .......... 47%  246M 1s
 15500K .......... .......... .......... .......... .......... 47% 99.7M 1s
 15550K .......... .......... .......... .......... .......... 48%  165M 1s
 15600K .......... .......... .......... .......... .......... 48%  216M 1s
 15650K .......... .......... .......... .......... .......... 48%  203M 1s
 15700K .......... .......... .......... .......... .......... 48%  186M 1s
 15750K .......... .......... .......... .......... .......... 48% 6.66M 1s
 15800K .......... .......... .......... .......... .......... 48%  270M 1s
 15850K .......... .......... .......... .......... .......... 48%  112M 1s
 15900K .......... .......... .......... .......... .......... 49%  189M 1s
 15950K .......... .......... .......... .......... .......... 49%  238M 1s
 16000K .......... .......... .......... .......... .......... 49%  211M 1s
 16050K .......... .......... .......... .......... .......... 49%  196M 1s
 16100K .......... .......... .......... .......... .......... 49% 6.69M 1s
 16150K .......... .......... .......... .......... .......... 49%  277M 1s
 16200K .......... .......... .......... .......... .......... 50%  125M 1s
 16250K .......... .......... .......... .......... .......... 50%  189M 1s
 16300K .......... .......... .......... .......... .......... 50%  181M 1s
 16350K .......... .......... .......... .......... .......... 50%  198M 1s
 16400K .......... .......... .......... .......... .......... 50%  215M 1s
 16450K .......... .......... .......... .......... .......... 50%  217M 1s
 16500K .......... .......... .......... .......... .......... 50% 6.92M 1s
 16550K .......... .......... .......... .......... .......... 51%  120M 1s
 16600K .......... .......... .......... .......... .......... 51%  202M 1s
 16650K .......... .......... .......... .......... .......... 51%  206M 1s
 16700K .......... .......... .......... .......... .......... 51%  213M 1s
 16750K .......... .......... .......... .......... .......... 51%  189M 1s
 16800K .......... .......... .......... .......... .......... 51% 88.3M 1s
 16850K .......... .......... .......... .......... .......... 52% 1.93M 1s
 16900K .......... .......... .......... .......... .......... 52%  139M 1s
 16950K .......... .......... .......... .......... .......... 52%  205M 1s
 17000K .......... .......... .......... .......... .......... 52%  197M 1s
 17050K .......... .......... .......... .......... .......... 52%  202M 1s
 17100K .......... .......... .......... .......... .......... 52%  166M 1s
 17150K .......... .......... .......... .......... .......... 52%  185M 1s
 17200K .......... .......... .......... .......... .......... 53%  178M 1s
 17250K .......... .......... .......... .......... .......... 53%  194M 1s
 17300K .......... .......... .......... .......... .......... 53%  193M 1s
 17350K .......... .......... .......... .......... .......... 53%  243M 1s
 17400K .......... .......... .......... .......... .......... 53%  241M 1s
 17450K .......... .......... .......... .......... .......... 53%  244M 1s
 17500K .......... .......... .......... .......... .......... 54%  203M 1s
 17550K .......... .......... .......... .......... .......... 54%  232M 1s
 17600K .......... .......... .......... .......... .......... 54% 5.31M 1s
 17650K .......... .......... .......... .......... .......... 54%  155M 1s
 17700K .......... .......... .......... .......... .......... 54%  148M 1s
 17750K .......... .......... .......... .......... .......... 54%  189M 1s
 17800K .......... .......... .......... .......... .......... 54%  204M 1s
 17850K .......... .......... .......... .......... .......... 55%  198M 1s
 17900K .......... .......... .......... .......... .......... 55%  145M 1s
 17950K .......... .......... .......... .......... .......... 55%  182M 1s
 18000K .......... .......... .......... .......... .......... 55%  180M 1s
 18050K .......... .......... .......... .......... .......... 55%  173M 1s
 18100K .......... .......... .......... .......... .......... 55%  165M 1s
 18150K .......... .......... .......... .......... .......... 56%  189M 1s
 18200K .......... .......... .......... .......... .......... 56%  183M 1s
 18250K .......... .......... .......... .......... .......... 56%  209M 1s
 18300K .......... .......... .......... .......... .......... 56%  162M 1s
 18350K .......... .......... .......... .......... .......... 56% 50.5M 1s
 18400K .......... .......... .......... .......... .......... 56%  215M 1s
 18450K .......... .......... .......... .......... .......... 56% 6.44M 1s
 18500K .......... .......... .......... .......... .......... 57% 95.2M 1s
 18550K .......... .......... .......... .......... .......... 57%  165M 1s
 18600K .......... .......... .......... .......... .......... 57%  180M 1s
 18650K .......... .......... .......... .......... .......... 57%  212M 0s
 18700K .......... .......... .......... .......... .......... 57%  177M 0s
 18750K .......... .......... .......... .......... .......... 57%  206M 0s
 18800K .......... .......... .......... .......... .......... 58% 6.00M 0s
 18850K .......... .......... .......... .......... .......... 58%  265M 0s
 18900K .......... .......... .......... .......... .......... 58% 84.6M 0s
 18950K .......... .......... .......... .......... .......... 58%  175M 0s
 19000K .......... .......... .......... .......... .......... 58%  189M 0s
 19050K .......... .......... .......... .......... .......... 58%  211M 0s
 19100K .......... .......... .......... .......... .......... 58% 63.2M 0s
 19150K .......... .......... .......... .......... .......... 59% 67.3M 0s
 19200K .......... .......... .......... .......... .......... 59% 55.2M 0s
 19250K .......... .......... .......... .......... .......... 59% 6.53M 0s
 19300K .......... .......... .......... .......... .......... 59%  114M 0s
 19350K .......... .......... .......... .......... .......... 59%  196M 0s
 19400K .......... .......... .......... .......... .......... 59%  230M 0s
 19450K .......... .......... .......... .......... .......... 60%  209M 0s
 19500K .......... .......... .......... .......... .......... 60% 53.9M 0s
 19550K .......... .......... .......... .......... .......... 60% 7.23M 0s
 19600K .......... .......... .......... .......... .......... 60%  102M 0s
 19650K .......... .......... .......... .......... .......... 60%  193M 0s
 19700K .......... .......... .......... .......... .......... 60%  161M 0s
 19750K .......... .......... .......... .......... .......... 60%  243M 0s
 19800K .......... .......... .......... .......... .......... 61% 5.73M 0s
 19850K .......... .......... .......... .......... .......... 61%  247M 0s
 19900K .......... .......... .......... .......... .......... 61% 98.4M 0s
 19950K .......... .......... .......... .......... .......... 61%  188M 0s
 20000K .......... .......... .......... .......... .......... 61% 75.1M 0s
 20050K .......... .......... .......... .......... .......... 61% 83.3M 0s
 20100K .......... .......... .......... .......... .......... 62% 62.9M 0s
 20150K .......... .......... .......... .......... .......... 62% 66.6M 0s
 20200K .......... .......... .......... .......... .......... 62% 60.7M 0s
 20250K .......... .......... .......... .......... .......... 62% 44.2M 0s
 20300K .......... .......... .......... .......... .......... 62% 4.97M 0s
 20350K .......... .......... .......... .......... .......... 62%  244M 0s
 20400K .......... .......... .......... .......... .......... 62% 73.0M 0s
 20450K .......... .......... .......... .......... .......... 63%  173M 0s
 20500K .......... .......... .......... .......... .......... 63%  150M 0s
 20550K .......... .......... .......... .......... .......... 63%  208M 0s
 20600K .......... .......... .......... .......... .......... 63%  203M 0s
 20650K .......... .......... .......... .......... .......... 63%  197M 0s
 20700K .......... .......... .......... .......... .......... 63%  155M 0s
 20750K .......... .......... .......... .......... .......... 64% 56.2M 0s
 20800K .......... .......... .......... .......... .......... 64% 4.96M 0s
 20850K .......... .......... .......... .......... .......... 64% 94.7M 0s
 20900K .......... .......... .......... .......... .......... 64%  160M 0s
 20950K .......... .......... .......... .......... .......... 64%  191M 0s
 21000K .......... .......... .......... .......... .......... 64%  168M 0s
 21050K .......... .......... .......... .......... .......... 64%  200M 0s
 21100K .......... .......... .......... .......... .......... 65%  218M 0s
 21150K .......... .......... .......... .......... .......... 65% 4.62M 0s
 21200K .......... .......... .......... .......... .......... 65%  266M 0s
 21250K .......... .......... .......... .......... .......... 65% 96.0M 0s
 21300K .......... .......... .......... .......... .......... 65%  219M 0s
 21350K .......... .......... .......... .......... .......... 65%  276M 0s
 21400K .......... .......... .......... .......... .......... 66%  272M 0s
 21450K .......... .......... .......... .......... .......... 66%  232M 0s
 21500K .......... .......... .......... .......... .......... 66% 5.39M 0s
 21550K .......... .......... .......... .......... .......... 66%  230M 0s
 21600K .......... .......... .......... .......... .......... 66% 74.4M 0s
 21650K .......... .......... .......... .......... .......... 66%  187M 0s
 21700K .......... .......... .......... .......... .......... 66%  145M 0s
 21750K .......... .......... .......... .......... .......... 67%  171M 0s
 21800K .......... .......... .......... .......... .......... 67%  192M 0s
 21850K .......... .......... .......... .......... .......... 67%  241M 0s
 21900K .......... .......... .......... .......... .......... 67%  196M 0s
 21950K .......... .......... .......... .......... .......... 67%  189M 0s
 22000K .......... .......... .......... .......... .......... 67%  207M 0s
 22050K .......... .......... .......... .......... .......... 68% 5.73M 0s
 22100K .......... .......... .......... .......... .......... 68%  217M 0s
 22150K .......... .......... .......... .......... .......... 68% 93.2M 0s
 22200K .......... .......... .......... .......... .......... 68%  181M 0s
 22250K .......... .......... .......... .......... .......... 68%  184M 0s
 22300K .......... .......... .......... .......... .......... 68%  173M 0s
 22350K .......... .......... .......... .......... .......... 68%  206M 0s
 22400K .......... .......... .......... .......... .......... 69% 5.62M 0s
 22450K .......... .......... .......... .......... .......... 69%  252M 0s
 22500K .......... .......... .......... .......... .......... 69% 73.3M 0s
 22550K .......... .......... .......... .......... .......... 69%  171M 0s
 22600K .......... .......... .......... .......... .......... 69%  208M 0s
 22650K .......... .......... .......... .......... .......... 69%  215M 0s
 22700K .......... .......... .......... .......... .......... 70%  175M 0s
 22750K .......... .......... .......... .......... .......... 70% 55.4M 0s
 22800K .......... .......... .......... .......... .......... 70% 6.65M 0s
 22850K .......... .......... .......... .......... .......... 70% 86.4M 0s
 22900K .......... .......... .......... .......... .......... 70%  175M 0s
 22950K .......... .......... .......... .......... .......... 70%  204M 0s
 23000K .......... .......... .......... .......... .......... 70%  172M 0s
 23050K .......... .......... .......... .......... .......... 71%  180M 0s
 23100K .......... .......... .......... .......... .......... 71%  149M 0s
 23150K .......... .......... .......... .......... .......... 71% 52.2M 0s
 23200K .......... .......... .......... .......... .......... 71% 6.25M 0s
 23250K .......... .......... .......... .......... .......... 71%  107M 0s
 23300K .......... .......... .......... .......... .......... 71%  229M 0s
 23350K .......... .......... .......... .......... .......... 72%  254M 0s
 23400K .......... .......... .......... .......... .......... 72% 4.98M 0s
 23450K .......... .......... .......... .......... .......... 72%  259M 0s
 23500K .......... .......... .......... .......... .......... 72% 77.0M 0s
 23550K .......... .......... .......... .......... .......... 72%  287M 0s
 23600K .......... .......... .......... .......... .......... 72%  267M 0s
 23650K .......... .......... .......... .......... .......... 72%  262M 0s
 23700K .......... .......... .......... .......... .......... 73%  217M 0s
 23750K .......... .......... .......... .......... .......... 73%  264M 0s
 23800K .......... .......... .......... .......... .......... 73% 5.24M 0s
 23850K .......... .......... .......... .......... .......... 73%  226M 0s
 23900K .......... .......... .......... .......... .......... 73% 56.2M 0s
 23950K .......... .......... .......... .......... .......... 73%  180M 0s
 24000K .......... .......... .......... .......... .......... 74%  173M 0s
 24050K .......... .......... .......... .......... .......... 74%  213M 0s
 24100K .......... .......... .......... .......... .......... 74%  160M 0s
 24150K .......... .......... .......... .......... .......... 74%  192M 0s
 24200K .......... .......... .......... .......... .......... 74%  186M 0s
 24250K .......... .......... .......... .......... .......... 74%  207M 0s
 24300K .......... .......... .......... .......... .......... 74%  186M 0s
 24350K .......... .......... .......... .......... .......... 75%  199M 0s
 24400K .......... .......... .......... .......... .......... 75% 61.4M 0s
 24450K .......... .......... .......... .......... .......... 75% 5.71M 0s
 24500K .......... .......... .......... .......... .......... 75% 83.2M 0s
 24550K .......... .......... .......... .......... .......... 75%  168M 0s
 24600K .......... .......... .......... .......... .......... 75%  190M 0s
 24650K .......... .......... .......... .......... .......... 76%  214M 0s
 24700K .......... .......... .......... .......... .......... 76%  194M 0s
 24750K .......... .......... .......... .......... .......... 76%  189M 0s
 24800K .......... .......... .......... .......... .......... 76% 5.78M 0s
 24850K .......... .......... .......... .......... .......... 76%  257M 0s
 24900K .......... .......... .......... .......... .......... 76% 83.4M 0s
 24950K .......... .......... .......... .......... .......... 76%  183M 0s
 25000K .......... .......... .......... .......... .......... 77%  192M 0s
 25050K .......... .......... .......... .......... .......... 77%  191M 0s
 25100K .......... .......... .......... .......... .......... 77% 6.40M 0s
 25150K .......... .......... .......... .......... .......... 77%  267M 0s
 25200K .......... .......... .......... .......... .......... 77%  102M 0s
 25250K .......... .......... .......... .......... .......... 77%  188M 0s
 25300K .......... .......... .......... .......... .......... 78%  150M 0s
 25350K .......... .......... .......... .......... .......... 78%  185M 0s
 25400K .......... .......... .......... .......... .......... 78%  185M 0s
 25450K .......... .......... .......... .......... .......... 78% 6.21M 0s
 25500K .......... .......... .......... .......... .......... 78%  228M 0s
 25550K .......... .......... .......... .......... .......... 78%  107M 0s
 25600K .......... .......... .......... .......... .......... 78%  234M 0s
 25650K .......... .......... .......... .......... .......... 79%  275M 0s
 25700K .......... .......... .......... .......... .......... 79%  229M 0s
 25750K .......... .......... .......... .......... .......... 79% 6.32M 0s
 25800K .......... .......... .......... .......... .......... 79% 85.2M 0s
 25850K .......... .......... .......... .......... .......... 79%  180M 0s
 25900K .......... .......... .......... .......... .......... 79%  177M 0s
 25950K .......... .......... .......... .......... .......... 80%  188M 0s
 26000K .......... .......... .......... .......... .......... 80%  198M 0s
 26050K .......... .......... .......... .......... .......... 80%  199M 0s
 26100K .......... .......... .......... .......... .......... 80%  165M 0s
 26150K .......... .......... .......... .......... .......... 80%  202M 0s
 26200K .......... .......... .......... .......... .......... 80% 6.50M 0s
 26250K .......... .......... .......... .......... .......... 80%  268M 0s
 26300K .......... .......... .......... .......... .......... 81% 94.4M 0s
 26350K .......... .......... .......... .......... .......... 81%  190M 0s
 26400K .......... .......... .......... .......... .......... 81%  184M 0s
 26450K .......... .......... .......... .......... .......... 81%  191M 0s
 26500K .......... .......... .......... .......... .......... 81% 6.00M 0s
 26550K .......... .......... .......... .......... .......... 81%  253M 0s
 26600K .......... .......... .......... .......... .......... 82% 95.1M 0s
 26650K .......... .......... .......... .......... .......... 82%  174M 0s
 26700K .......... .......... .......... .......... .......... 82%  189M 0s
 26750K .......... .......... .......... .......... .......... 82%  192M 0s
 26800K .......... .......... .......... .......... .......... 82%  197M 0s
 26850K .......... .......... .......... .......... .......... 82%  166M 0s
 26900K .......... .......... .......... .......... .......... 82% 5.20M 0s
 26950K .......... .......... .......... .......... .......... 83%  103M 0s
 27000K .......... .......... .......... .......... .......... 83%  189M 0s
 27050K .......... .......... .......... .......... .......... 83%  161M 0s
 27100K .......... .......... .......... .......... .......... 83%  177M 0s
 27150K .......... .......... .......... .......... .......... 83%  212M 0s
 27200K .......... .......... .......... .......... .......... 83% 78.2M 0s
 27250K .......... .......... .......... .......... .......... 84% 5.43M 0s
 27300K .......... .......... .......... .......... .......... 84% 90.5M 0s
 27350K .......... .......... .......... .......... .......... 84%  171M 0s
 27400K .......... .......... .......... .......... .......... 84%  174M 0s
 27450K .......... .......... .......... .......... .......... 84%  213M 0s
 27500K .......... .......... .......... .......... .......... 84%  194M 0s
 27550K .......... .......... .......... .......... .......... 84%  192M 0s
 27600K .......... .......... .......... .......... .......... 85% 57.6M 0s
 27650K .......... .......... .......... .......... .......... 85% 6.10M 0s
 27700K .......... .......... .......... .......... .......... 85% 82.8M 0s
 27750K .......... .......... .......... .......... .......... 85%  188M 0s
 27800K .......... .......... .......... .......... .......... 85%  172M 0s
 27850K .......... .......... .......... .......... .......... 85%  157M 0s
 27900K .......... .......... .......... .......... .......... 86%  158M 0s
 27950K .......... .......... .......... .......... .......... 86%  181M 0s
 28000K .......... .......... .......... .......... .......... 86% 71.5M 0s
 28050K .......... .......... .......... .......... .......... 86% 5.46M 0s
 28100K .......... .......... .......... .......... .......... 86% 56.6M 0s
 28150K .......... .......... .......... .......... .......... 86%  188M 0s
 28200K .......... .......... .......... .......... .......... 86%  182M 0s
 28250K .......... .......... .......... .......... .......... 87%  160M 0s
 28300K .......... .......... .......... .......... .......... 87%  126M 0s
 28350K .......... .......... .......... .......... .......... 87%  152M 0s
 28400K .......... .......... .......... .......... .......... 87%  202M 0s
 28450K .......... .......... .......... .......... .......... 87%  208M 0s
 28500K .......... .......... .......... .......... .......... 87% 5.54M 0s
 28550K .......... .......... .......... .......... .......... 88% 86.9M 0s
 28600K .......... .......... .......... .......... .......... 88%  168M 0s
 28650K .......... .......... .......... .......... .......... 88%  194M 0s
 28700K .......... .......... .......... .......... .......... 88%  190M 0s
 28750K .......... .......... .......... .......... .......... 88%  212M 0s
 28800K .......... .......... .......... .......... .......... 88%  200M 0s
 28850K .......... .......... .......... .......... .......... 88% 46.6M 0s
 28900K .......... .......... .......... .......... .......... 89% 6.18M 0s
 28950K .......... .......... .......... .......... .......... 89%  268M 0s
 29000K .......... .......... .......... .......... .......... 89% 86.6M 0s
 29050K .......... .......... .......... .......... .......... 89%  157M 0s
 29100K .......... .......... .......... .......... .......... 89%  167M 0s
 29150K .......... .......... .......... .......... .......... 89%  134M 0s
 29200K .......... .......... .......... .......... .......... 90% 56.3M 0s
 29250K .......... .......... .......... .......... .......... 90% 67.2M 0s
 29300K .......... .......... .......... .......... .......... 90% 44.9M 0s
 29350K .......... .......... .......... .......... .......... 90% 63.9M 0s
 29400K .......... .......... .......... .......... .......... 90% 61.3M 0s
 29450K .......... .......... .......... .......... .......... 90% 65.5M 0s
 29500K .......... .......... .......... .......... .......... 90% 62.3M 0s
 29550K .......... .......... .......... .......... .......... 91% 5.28M 0s
 29600K .......... .......... .......... .......... .......... 91%  249M 0s
 29650K .......... .......... .......... .......... .......... 91%  251M 0s
 29700K .......... .......... .......... .......... .......... 91%  102M 0s
 29750K .......... .......... .......... .......... .......... 91%  170M 0s
 29800K .......... .......... .......... .......... .......... 91%  177M 0s
 29850K .......... .......... .......... .......... .......... 92%  187M 0s
 29900K .......... .......... .......... .......... .......... 92% 49.7M 0s
 29950K .......... .......... .......... .......... .......... 92% 6.23M 0s
 30000K .......... .......... .......... .......... .......... 92% 89.5M 0s
 30050K .......... .......... .......... .......... .......... 92%  164M 0s
 30100K .......... .......... .......... .......... .......... 92%  119M 0s
 30150K .......... .......... .......... .......... .......... 92%  170M 0s
 30200K .......... .......... .......... .......... .......... 93%  196M 0s
 30250K .......... .......... .......... .......... .......... 93% 52.5M 0s
 30300K .......... .......... .......... .......... .......... 93% 6.34M 0s
 30350K .......... .......... .......... .......... .......... 93%  248M 0s
 30400K .......... .......... .......... .......... .......... 93% 76.7M 0s
 30450K .......... .......... .......... .......... .......... 93%  178M 0s
 30500K .......... .......... .......... .......... .......... 94%  164M 0s
 30550K .......... .......... .......... .......... .......... 94%  203M 0s
 30600K .......... .......... .......... .......... .......... 94%  209M 0s
 30650K .......... .......... .......... .......... .......... 94% 74.7M 0s
 30700K .......... .......... .......... .......... .......... 94% 5.30M 0s
 30750K .......... .......... .......... .......... .......... 94%  226M 0s
 30800K .......... .......... .......... .......... .......... 94% 75.9M 0s
 30850K .......... .......... .......... .......... .......... 95%  174M 0s
 30900K .......... .......... .......... .......... .......... 95%  147M 0s
 30950K .......... .......... .......... .......... .......... 95%  190M 0s
 31000K .......... .......... .......... .......... .......... 95%  185M 0s
 31050K .......... .......... .......... .......... .......... 95%  203M 0s
 31100K .......... .......... .......... .......... .......... 95% 6.16M 0s
 31150K .......... .......... .......... .......... .......... 96%  264M 0s
 31200K .......... .......... .......... .......... .......... 96% 90.9M 0s
 31250K .......... .......... .......... .......... .......... 96%  167M 0s
 31300K .......... .......... .......... .......... .......... 96%  153M 0s
 31350K .......... .......... .......... .......... .......... 96%  193M 0s
 31400K .......... .......... .......... .......... .......... 96%  184M 0s
 31450K .......... .......... .......... .......... .......... 96% 6.06M 0s
 31500K .......... .......... .......... .......... .......... 97%  204M 0s
 31550K .......... .......... .......... .......... .......... 97%  100M 0s
 31600K .......... .......... .......... .......... .......... 97%  170M 0s
 31650K .......... .......... .......... .......... .......... 97%  190M 0s
 31700K .......... .......... .......... .......... .......... 97%  152M 0s
 31750K .......... .......... .......... .......... .......... 97%  177M 0s
 31800K .......... .......... .......... .......... .......... 98%  197M 0s
 31850K .......... .......... .......... .......... .......... 98% 5.93M 0s
 31900K .......... .......... .......... .......... .......... 98% 81.4M 0s
 31950K .......... .......... .......... .......... .......... 98%  180M 0s
 32000K .......... .......... .......... .......... .......... 98%  172M 0s
 32050K .......... .......... .......... .......... .......... 98%  182M 0s
 32100K .......... .......... .......... .......... .......... 98%  149M 0s
 32150K .......... .......... .......... .......... .......... 99% 67.8M 0s
 32200K .......... .......... .......... .......... .......... 99% 3.83M 0s
 32250K .......... .......... .......... .......... .......... 99%  248M 0s
 32300K .......... .......... .......... .......... .......... 99% 93.9M 0s
 32350K .......... .......... .......... .......... .......... 99%  263M 0s
 32400K .......... .......... .......... .......... .......... 99%  277M 0s
 32450K .......... .......... .......... .                    100%  212M=1.1s

2022-08-22 22:43:47 (29.8 MB/s) - ‘/tmp/platform-engine.zip’ saved [33260873/33260873]

Archive:  /tmp/platform-engine.zip
  inflating: /opt/elasticbeanstalk/bin/platform-engine  
  inflating: /opt/elasticbeanstalk/bin/publishlogs  
  inflating: /opt/elasticbeanstalk/bin/get-config  
  inflating: /opt/elasticbeanstalk/bin/pkg-repo  
  inflating: /opt/elasticbeanstalk/bin/ebdockerstart  
  inflating: /opt/elasticbeanstalk/config/private/aws-eb-command-handler.conf  
  inflating: /opt/elasticbeanstalk/config/private/aws-eb.target  
  inflating: /opt/elasticbeanstalk/config/private/beanstalk-magic  
  inflating: /opt/elasticbeanstalk/config/private/cfn-hup-wrapper  
  inflating: /opt/elasticbeanstalk/config/private/cfn-hup.conf.template  
  inflating: /opt/elasticbeanstalk/config/private/containercommandsupport/container-defaults.sh  
  inflating: /opt/elasticbeanstalk/config/private/containercommandsupport/leader-test.sh  
  inflating: /opt/elasticbeanstalk/config/private/eb-banner  
  inflating: /opt/elasticbeanstalk/config/private/guidlocking/repo.py  
  inflating: /opt/elasticbeanstalk/config/private/healthd/config.yaml.template  
  inflating: /opt/elasticbeanstalk/config/private/healthd/healthd_httpd.conf  
  inflating: /opt/elasticbeanstalk/config/private/healthd/healthd_logformat.conf  
  inflating: /opt/elasticbeanstalk/config/private/healthd/healthd_nginx.conf  
  inflating: /opt/elasticbeanstalk/config/private/healthd/healthddependency  
  inflating: /opt/elasticbeanstalk/config/private/healthd/logcleanup-cron.template  
  inflating: /opt/elasticbeanstalk/config/private/httpd/applicationport.conf.template  
  inflating: /opt/elasticbeanstalk/config/private/httpd/gzip.conf  
  inflating: /opt/elasticbeanstalk/config/private/httpd/httpd.conf.template  
  inflating: /opt/elasticbeanstalk/config/private/httpd/staticfilesmapping.conf.template  
  inflating: /opt/elasticbeanstalk/config/private/logrotate/logrotate-cron.template  
  inflating: /opt/elasticbeanstalk/config/private/logrotate/logrotate.template  
  inflating: /opt/elasticbeanstalk/config/private/logtasks/cron/publishlogs  
  inflating: /opt/elasticbeanstalk/config/private/nginx/applicationport.conf.template  
  inflating: /opt/elasticbeanstalk/config/private/nginx/nginx.conf.template  
  inflating: /opt/elasticbeanstalk/config/private/nginx/staticfilesmapping.conf.template  
  inflating: /opt/elasticbeanstalk/config/private/nginx/elasticbeanstalk-nginx-docker-upstream.template  
  inflating: /opt/elasticbeanstalk/config/private/nginx/nginx.template  
 extracting: /opt/elasticbeanstalk/config/private/restartcfn.sh  
  inflating: /opt/elasticbeanstalk/config/private/restartcloudwatchagent.sh  
  inflating: /opt/elasticbeanstalk/config/private/rsyslog.conf.template  
  inflating: /opt/elasticbeanstalk/config/private/ruby_common_env  
  inflating: /opt/elasticbeanstalk/config/private/sqsd/default.yaml.template  
  inflating: /opt/elasticbeanstalk/config/private/sqsd/sqsdversion.json  
  inflating: /opt/elasticbeanstalk/config/private/systemd-append.template  
  inflating: /opt/elasticbeanstalk/config/private/systemd.template  
  inflating: /opt/elasticbeanstalk/config/private/docker-log.conf  
  inflating: /opt/elasticbeanstalk/config/private/docker-rsyslog.conf  
  inflating: /opt/elasticbeanstalk/config/private/docker.logrotate.conf.template  
 extracting: /opt/elasticbeanstalk/config/private/dockerfile.template  
  inflating: /opt/elasticbeanstalk/config/private/eb-docker-log-sort  
  inflating: /opt/elasticbeanstalk/config/private/eb-docker-log-start  
  inflating: /opt/elasticbeanstalk/config/private/eb-docker-stop  
  inflating: /opt/elasticbeanstalk/tasks/bundlelogs.d/cfn-system.conf  
 extracting: /opt/elasticbeanstalk/tasks/bundlelogs.d/cloud-init-system.conf  
  inflating: /opt/elasticbeanstalk/tasks/bundlelogs.d/eb-app.conf  
 extracting: /opt/elasticbeanstalk/tasks/bundlelogs.d/eb-hooks.conf  
  inflating: /opt/elasticbeanstalk/tasks/bundlelogs.d/eb-system.conf  
 extracting: /opt/elasticbeanstalk/tasks/bundlelogs.d/rotate.conf  
  inflating: /opt/elasticbeanstalk/tasks/bundlelogs.d/system.conf  
 extracting: /opt/elasticbeanstalk/tasks/publishlogs.d/eb-app.conf  
  inflating: /opt/elasticbeanstalk/tasks/taillogs.d/eb-app.conf  
  inflating: /opt/elasticbeanstalk/tasks/taillogs.d/eb-engine.conf  
[2022-08-22T22:44:35.500Z] Successfully bootstrapped instance.
[2022-08-22T22:44:35.517Z] Sending signal 0 to CFN wait condition https://cloudformation-waitcondition-us-east-1.s3.amazonaws.com/arn%3Aaws%3Acloudformation%3Aus-east-1%3A075433893437%3Astack/awseb-e-zisqamdmht-stack/798c4620-2269-11ed-9e9d-0aaea198d3a5/AWSEBInstanceLaunchWaitHandle?X-Amz-Algorithm=AWS4-HMAC-SHA256&X-Amz-Date=20220822T222640Z&X-Amz-SignedHeaders=host&X-Amz-Expires=86399&X-Amz-Credential=AKIA6L7Q4OWT2GZYHG7N%2F20220822%2Fus-east-1%2Fs3%2Faws4_request&X-Amz-Signature=5053f6d20d14971c5709495eaf201d53cfacddf7e2ec25e40eeb4a2785de2c58
CloudFormation signaled successfully with %s.
[2022-08-22T22:44:36.219Z] Tailing /var/log/eb-commandprocessor.log

******************* eb-commandprocessor taillog *******************
***eb-commandprocessor is not available yet.***
******************* End of taillog *******************


[2022-08-22T22:44:36.232Z] Tailing /var/log/eb-activity.log

******************* eb-activity taillog *******************
***eb-activity is not available yet.***
******************* End of taillog *******************


[2022-08-22T22:44:36.256Z] Tailing /var/log/eb-tools.log

******************* eb-tools taillog *******************
***eb-tools is not available yet.***
******************* End of taillog *******************


[2022-08-22T22:44:36.281Z] Tailing /var/log/eb-version-deployment.log

******************* eb-version-deployment taillog *******************
***eb-version-deployment is not available yet.***
******************* End of taillog *******************


[2022-08-22T22:44:36.295Z] Tailing /var/log/cfn-init.log

******************* cfn-init taillog *******************
2022-08-22 22:43:45,673 [INFO] -----------------------Starting build-----------------------
2022-08-22 22:43:45,680 [INFO] Running configSets: _OnInstanceBoot
2022-08-22 22:43:45,683 [INFO] Running configSet _OnInstanceBoot
2022-08-22 22:43:45,685 [INFO] Running config AWSEBBaseConfig
2022-08-22 22:43:45,845 [INFO] Command clearbackupfiles succeeded
2022-08-22 22:43:45,849 [INFO] Running config AWSEBCfnHupEndpointOverride
2022-08-22 22:43:45,852 [INFO] Command clearbackupfiles succeeded
2022-08-22 22:43:45,854 [INFO] ConfigSets completed
2022-08-22 22:43:45,854 [INFO] -----------------------Build complete-----------------------
2022-08-22 22:43:55,814 [INFO] -----------------------Starting build-----------------------
2022-08-22 22:43:55,820 [INFO] Running configSets: Infra-EmbeddedPreBuild
2022-08-22 22:43:55,822 [INFO] Running configSet Infra-EmbeddedPreBuild
2022-08-22 22:43:55,825 [INFO] Running config prebuild_0_fibonacci_multi_container_system
2022-08-22 22:43:55,827 [INFO] ConfigSets completed
2022-08-22 22:43:55,827 [INFO] -----------------------Build complete-----------------------
2022-08-22 22:44:28,048 [INFO] -----------------------Starting build-----------------------
2022-08-22 22:44:28,056 [INFO] Running configSets: Infra-EmbeddedPostBuild
2022-08-22 22:44:28,058 [INFO] Running configSet Infra-EmbeddedPostBuild
2022-08-22 22:44:28,059 [INFO] ConfigSets completed
2022-08-22 22:44:28,059 [INFO] -----------------------Build complete-----------------------
******************* End of taillog *******************


[2022-08-22T22:44:36.336Z] Tailing /var/log/cfn-hup.log

******************* cfn-hup taillog *******************
2022-08-22 22:43:52,596 [DEBUG] CloudFormation client initialized with endpoint https://cloudformation.us-east-1.amazonaws.com
2022-08-22 22:43:52,597 [DEBUG] SQS client initialized with endpoint https://sqs.us-east-1.amazonaws.com
2022-08-22 22:43:52,597 [DEBUG] CloudFormation client initialized with endpoint https://cloudformation.us-east-1.amazonaws.com
2022-08-22 22:43:52,597 [DEBUG] Enabled single threading mode.
2022-08-22 22:43:52,597 [DEBUG] Creating /var/lib/cfn-hup/data
2022-08-22 22:43:52,652 [INFO] No umask value specified in config file. Using the default one: 0o22
2022-08-22 22:43:53,622 [INFO] Refreshing listener credentials
2022-08-22 22:43:53,768 [INFO] Scheduling next credential refresh in 1799.0 seconds
******************* End of taillog *******************


[2022-08-22T22:44:36.370Z] Completed EB Bootstrapping Script.
+ RESULT=0
+ [[ 0 -ne 0 ]]
+ exit 0
