2022/08/22 22:44:34.676458 [INFO] Loading Manifest...
2022/08/22 22:44:34.709583 [INFO] Running command /bin/sh -c /opt/aws/bin/cfn-get-metadata -s arn:aws:cloudformation:us-east-1:075433893437:stack/awseb-e-zisqamdmht-stack/798c4620-2269-11ed-9e9d-0aaea198d3a5 -r AWSEBAutoScalingGroup --region us-east-1
2022/08/22 22:44:35.569065 [INFO] Running command /bin/sh -c /opt/aws/bin/cfn-get-metadata -s arn:aws:cloudformation:us-east-1:075433893437:stack/awseb-e-zisqamdmht-stack/798c4620-2269-11ed-9e9d-0aaea198d3a5 -r AWSEBBeanstalkMetadata --region us-east-1
2022/08/22 22:44:36.229508 [INFO] Checking if docker is running...
2022/08/22 22:44:36.229525 [INFO] Fetch current app container id...
2022/08/22 22:44:36.229549 [INFO] Running command /bin/sh -c docker ps | grep eb6e1b61ed51
2022/08/22 22:44:36.306238 [INFO] eb6e1b61ed51   6c259b4d0c93   "python /tmp/applica…"   8 seconds ago   Up 7 seconds   8000/tcp   romantic_brattain

2022/08/22 22:44:36.306261 [INFO] Running command /bin/sh -c docker wait  eb6e1b61ed51
2022/08/22 22:53:03.060057 [INFO] Loading Manifest...
2022/08/22 22:53:03.106892 [INFO] Running command /bin/sh -c /opt/aws/bin/cfn-get-metadata -s arn:aws:cloudformation:us-east-1:075433893437:stack/awseb-e-zisqamdmht-stack/798c4620-2269-11ed-9e9d-0aaea198d3a5 -r AWSEBAutoScalingGroup --region us-east-1
2022/08/22 22:53:03.923556 [INFO] Running command /bin/sh -c /opt/aws/bin/cfn-get-metadata -s arn:aws:cloudformation:us-east-1:075433893437:stack/awseb-e-zisqamdmht-stack/798c4620-2269-11ed-9e9d-0aaea198d3a5 -r AWSEBBeanstalkMetadata --region us-east-1
2022/08/22 22:53:04.348958 [INFO] Checking if docker is running...
2022/08/22 22:53:04.348975 [INFO] Fetch current app container id...
2022/08/22 22:53:04.348998 [INFO] Running command /bin/sh -c docker ps | grep 3cced2a19a44
2022/08/22 22:53:04.385115 [INFO] 3cced2a19a44   6c259b4d0c93   "python /tmp/applica…"   8 seconds ago   Up 6 seconds   8000/tcp   serene_bardeen

2022/08/22 22:53:04.385145 [INFO] Running command /bin/sh -c docker wait  3cced2a19a44
2022/08/22 23:00:23.845548 [INFO] Loading Manifest...
2022/08/22 23:00:23.861486 [INFO] Running command /bin/sh -c /opt/aws/bin/cfn-get-metadata -s arn:aws:cloudformation:us-east-1:075433893437:stack/awseb-e-zisqamdmht-stack/798c4620-2269-11ed-9e9d-0aaea198d3a5 -r AWSEBAutoScalingGroup --region us-east-1
2022/08/22 23:00:24.654494 [INFO] Running command /bin/sh -c /opt/aws/bin/cfn-get-metadata -s arn:aws:cloudformation:us-east-1:075433893437:stack/awseb-e-zisqamdmht-stack/798c4620-2269-11ed-9e9d-0aaea198d3a5 -r AWSEBBeanstalkMetadata --region us-east-1
2022/08/22 23:00:25.095107 [INFO] Checking if docker is running...
2022/08/22 23:00:25.095122 [INFO] Fetch current app container id...
2022/08/22 23:00:25.095148 [INFO] Running command /bin/sh -c docker ps | grep 7b595dc5d9f3
2022/08/22 23:00:25.130721 [INFO] 7b595dc5d9f3   6c259b4d0c93   "python /tmp/applica…"   8 seconds ago   Up 6 seconds   8000/tcp   funny_maxwell

2022/08/22 23:00:25.130751 [INFO] Running command /bin/sh -c docker wait  7b595dc5d9f3
