# Logfile created on 2022-08-22 22:44:26 +0000 by logger.rb/66358
A, [2022-08-22T22:44:27.334092 #3922]   ANY -- : healthd daemon 1.0.6 initialized
W, [2022-08-22T22:44:27.436191 #3922]  WARN -- : log file "/var/log/nginx/healthd/application.log.2022-08-22-22" does not exist
W, [2022-08-22T22:44:32.436447 #3922]  WARN -- : log file "/var/log/nginx/healthd/application.log.2022-08-22-22" does not exist
F, [2022-08-22T22:52:44.217974 #3922] FATAL -- : /opt/elasticbeanstalk/lib/ruby/lib/ruby/gems/2.6.0/gems/puma-5.3.2/lib/puma/launcher.rb:476:in `block in setup_signals': SIGTERM (SignalException)
	from /opt/elasticbeanstalk/lib/ruby/lib/ruby/gems/2.6.0/gems/puma-5.3.2/lib/puma/single.rb:61:in `join'
	from /opt/elasticbeanstalk/lib/ruby/lib/ruby/gems/2.6.0/gems/puma-5.3.2/lib/puma/single.rb:61:in `run'
	from /opt/elasticbeanstalk/lib/ruby/lib/ruby/gems/2.6.0/gems/puma-5.3.2/lib/puma/launcher.rb:181:in `run'
	from /opt/elasticbeanstalk/lib/ruby/lib/ruby/gems/2.6.0/gems/puma-5.3.2/lib/puma/cli.rb:80:in `run'
	from /opt/elasticbeanstalk/lib/ruby/lib/ruby/gems/2.6.0/gems/healthd-1.0.6/bin/healthd:112:in `block in <top (required)>'
	from /opt/elasticbeanstalk/lib/ruby/lib/ruby/gems/2.6.0/gems/healthd-1.0.6/bin/healthd:19:in `chdir'
	from /opt/elasticbeanstalk/lib/ruby/lib/ruby/gems/2.6.0/gems/healthd-1.0.6/bin/healthd:19:in `<top (required)>'
	from /opt/elasticbeanstalk/lib/ruby/bin/healthd:23:in `load'
	from /opt/elasticbeanstalk/lib/ruby/bin/healthd:23:in `<main>'
A, [2022-08-22T22:52:45.463819 #5003]   ANY -- : healthd daemon 1.0.6 initialized
W, [2022-08-22T22:52:55.598175 #5003]  WARN -- : discarding statistic item after validation error (Invalid timestamp): {:id=>"0", :namespace=>"application", :timestamp=>1661208510, :data=>"{\"duration\":10,\"latency_histogram\":[[0.002,3]],\"http_counters\":{\"status_200\":3,\"request_count\":3}}"}
W, [2022-08-22T22:52:55.598253 #5003]  WARN -- : discarding statistic item after validation error (Invalid timestamp): {:id=>"1", :namespace=>"application", :timestamp=>1661208520, :data=>"{\"duration\":10,\"latency_histogram\":[[0.001,1],[0.002,2]],\"http_counters\":{\"status_200\":3,\"request_count\":3}}"}
W, [2022-08-22T22:52:55.598282 #5003]  WARN -- : discarding statistic item after validation error (Invalid timestamp): {:id=>"2", :namespace=>"application", :timestamp=>1661208540, :data=>"{\"duration\":10,\"latency_histogram\":[[0.002,3]],\"http_counters\":{\"status_200\":3,\"request_count\":3}}"}
W, [2022-08-22T22:52:55.598305 #5003]  WARN -- : discarding statistic item after validation error (Invalid timestamp): {:id=>"3", :namespace=>"application", :timestamp=>1661208550, :data=>"{\"duration\":10,\"latency_histogram\":[[0.001,1],[0.002,2]],\"http_counters\":{\"status_200\":3,\"request_count\":3}}"}
W, [2022-08-22T22:52:55.598327 #5003]  WARN -- : discarding statistic item after validation error (Invalid timestamp): {:id=>"4", :namespace=>"application", :timestamp=>1661208570, :data=>"{\"duration\":10,\"latency_histogram\":[[0.001,3]],\"http_counters\":{\"status_200\":3,\"request_count\":3}}"}
W, [2022-08-22T22:52:55.598350 #5003]  WARN -- : discarding statistic item after validation error (Invalid timestamp): {:id=>"5", :namespace=>"application", :timestamp=>1661208580, :data=>"{\"duration\":10,\"latency_histogram\":[[0.001,1],[0.002,1],[0.003,1]],\"http_counters\":{\"status_200\":3,\"request_count\":3}}"}
W, [2022-08-22T22:52:55.598371 #5003]  WARN -- : discarding statistic item after validation error (Invalid timestamp): {:id=>"6", :namespace=>"application", :timestamp=>1661208600, :data=>"{\"duration\":10,\"latency_histogram\":[[0.001,2],[0.002,1]],\"http_counters\":{\"status_200\":3,\"request_count\":3}}"}
W, [2022-08-22T22:52:55.598393 #5003]  WARN -- : discarding statistic item after validation error (Invalid timestamp): {:id=>"7", :namespace=>"application", :timestamp=>1661208610, :data=>"{\"duration\":10,\"latency_histogram\":[[0.002,3]],\"http_counters\":{\"status_200\":3,\"request_count\":3}}"}
W, [2022-08-22T22:52:55.598414 #5003]  WARN -- : discarding statistic item after validation error (Invalid timestamp): {:id=>"8", :namespace=>"application", :timestamp=>1661208630, :data=>"{\"duration\":10,\"latency_histogram\":[[0.001,3]],\"http_counters\":{\"status_200\":3,\"request_count\":3}}"}
W, [2022-08-22T22:52:55.599179 #5003]  WARN -- : discarding statistic item after validation error (Invalid timestamp): {:id=>"9", :namespace=>"application", :timestamp=>1661208640, :data=>"{\"duration\":10,\"latency_histogram\":[[0.001,1],[0.002,2]],\"http_counters\":{\"status_200\":3,\"request_count\":3}}"}
W, [2022-08-22T22:52:55.599217 #5003]  WARN -- : discarding statistic item after validation error (Invalid timestamp): {:id=>"10", :namespace=>"application", :timestamp=>1661208660, :data=>"{\"duration\":10,\"latency_histogram\":[[0.001,2],[0.002,1]],\"http_counters\":{\"status_200\":3,\"request_count\":3}}"}
W, [2022-08-22T22:52:55.599240 #5003]  WARN -- : discarding statistic item after validation error (Invalid timestamp): {:id=>"11", :namespace=>"application", :timestamp=>1661208670, :data=>"{\"duration\":10,\"latency_histogram\":[[0.001,2],[0.002,1]],\"http_counters\":{\"status_200\":3,\"request_count\":3}}"}
W, [2022-08-22T22:53:05.502446 #5003]  WARN -- : discarding statistic item after validation error (Invalid timestamp): {:id=>"0", :namespace=>"application", :timestamp=>1661208280, :data=>"{\"duration\":10,\"latency_histogram\":[[0.001,1],[0.002,1],[0.005,1]],\"http_counters\":{\"status_200\":3,\"request_count\":3}}"}
W, [2022-08-22T22:53:05.502537 #5003]  WARN -- : discarding statistic item after validation error (Invalid timestamp): {:id=>"1", :namespace=>"application", :timestamp=>1661208300, :data=>"{\"duration\":10,\"latency_histogram\":[[0.001,2],[0.002,1]],\"http_counters\":{\"status_200\":3,\"request_count\":3}}"}
W, [2022-08-22T22:53:05.502575 #5003]  WARN -- : discarding statistic item after validation error (Invalid timestamp): {:id=>"2", :namespace=>"application", :timestamp=>1661208310, :data=>"{\"duration\":10,\"latency_histogram\":[[0.001,1],[0.002,2]],\"http_counters\":{\"status_200\":3,\"request_count\":3}}"}
W, [2022-08-22T22:53:05.502600 #5003]  WARN -- : discarding statistic item after validation error (Invalid timestamp): {:id=>"3", :namespace=>"application", :timestamp=>1661208330, :data=>"{\"duration\":10,\"latency_histogram\":[[0.001,2],[0.002,1]],\"http_counters\":{\"status_200\":3,\"request_count\":3}}"}
W, [2022-08-22T22:53:05.502624 #5003]  WARN -- : discarding statistic item after validation error (Invalid timestamp): {:id=>"4", :namespace=>"application", :timestamp=>1661208340, :data=>"{\"duration\":10,\"latency_histogram\":[[0.001,2],[0.002,1]],\"http_counters\":{\"status_200\":3,\"request_count\":3}}"}
W, [2022-08-22T22:53:05.502646 #5003]  WARN -- : discarding statistic item after validation error (Invalid timestamp): {:id=>"5", :namespace=>"application", :timestamp=>1661208360, :data=>"{\"duration\":10,\"latency_histogram\":[[0.001,2],[0.002,1]],\"http_counters\":{\"status_200\":3,\"request_count\":3}}"}
W, [2022-08-22T22:53:05.502667 #5003]  WARN -- : discarding statistic item after validation error (Invalid timestamp): {:id=>"6", :namespace=>"application", :timestamp=>1661208370, :data=>"{\"duration\":10,\"latency_histogram\":[[0.001,1],[0.002,2]],\"http_counters\":{\"status_200\":3,\"request_count\":3}}"}
W, [2022-08-22T22:53:05.502688 #5003]  WARN -- : discarding statistic item after validation error (Invalid timestamp): {:id=>"7", :namespace=>"application", :timestamp=>1661208390, :data=>"{\"duration\":10,\"latency_histogram\":[[0.001,2],[0.002,1]],\"http_counters\":{\"status_200\":3,\"request_count\":3}}"}
W, [2022-08-22T22:53:05.502708 #5003]  WARN -- : discarding statistic item after validation error (Invalid timestamp): {:id=>"8", :namespace=>"application", :timestamp=>1661208400, :data=>"{\"duration\":10,\"latency_histogram\":[[0.001,3]],\"http_counters\":{\"status_200\":3,\"request_count\":3}}"}
W, [2022-08-22T22:53:05.502729 #5003]  WARN -- : discarding statistic item after validation error (Invalid timestamp): {:id=>"9", :namespace=>"application", :timestamp=>1661208420, :data=>"{\"duration\":10,\"latency_histogram\":[[0.001,2],[0.002,1]],\"http_counters\":{\"status_200\":3,\"request_count\":3}}"}
W, [2022-08-22T22:53:05.502762 #5003]  WARN -- : discarding statistic item after validation error (Invalid timestamp): {:id=>"10", :namespace=>"application", :timestamp=>1661208430, :data=>"{\"duration\":10,\"latency_histogram\":[[0.001,3]],\"http_counters\":{\"status_200\":3,\"request_count\":3}}"}
W, [2022-08-22T22:53:05.502785 #5003]  WARN -- : discarding statistic item after validation error (Invalid timestamp): {:id=>"11", :namespace=>"application", :timestamp=>1661208450, :data=>"{\"duration\":10,\"latency_histogram\":[[0.001,2],[0.002,1]],\"http_counters\":{\"status_200\":3,\"request_count\":3}}"}
W, [2022-08-22T22:53:05.502806 #5003]  WARN -- : discarding statistic item after validation error (Invalid timestamp): {:id=>"12", :namespace=>"application", :timestamp=>1661208460, :data=>"{\"duration\":10,\"latency_histogram\":[[0.001,2],[0.002,1]],\"http_counters\":{\"status_200\":3,\"request_count\":3}}"}
W, [2022-08-22T22:53:05.502827 #5003]  WARN -- : discarding statistic item after validation error (Invalid timestamp): {:id=>"13", :namespace=>"application", :timestamp=>1661208480, :data=>"{\"duration\":10,\"latency_histogram\":[[0.001,1],[0.002,2]],\"http_counters\":{\"status_200\":3,\"request_count\":3}}"}
W, [2022-08-22T22:53:05.502847 #5003]  WARN -- : discarding statistic item after validation error (Invalid timestamp): {:id=>"14", :namespace=>"application", :timestamp=>1661208490, :data=>"{\"duration\":10,\"latency_histogram\":[[0.001,2],[0.002,1]],\"http_counters\":{\"status_200\":3,\"request_count\":3}}"}
W, [2022-08-22T23:00:02.112705 #5003]  WARN -- : log file "/var/log/nginx/healthd/application.log.2022-08-22-23" does not exist
F, [2022-08-22T23:00:04.995060 #5003] FATAL -- : /opt/elasticbeanstalk/lib/ruby/lib/ruby/gems/2.6.0/gems/puma-5.3.2/lib/puma/launcher.rb:476:in `block in setup_signals': SIGTERM (SignalException)
	from /opt/elasticbeanstalk/lib/ruby/lib/ruby/gems/2.6.0/gems/puma-5.3.2/lib/puma/single.rb:61:in `join'
	from /opt/elasticbeanstalk/lib/ruby/lib/ruby/gems/2.6.0/gems/puma-5.3.2/lib/puma/single.rb:61:in `run'
	from /opt/elasticbeanstalk/lib/ruby/lib/ruby/gems/2.6.0/gems/puma-5.3.2/lib/puma/launcher.rb:181:in `run'
	from /opt/elasticbeanstalk/lib/ruby/lib/ruby/gems/2.6.0/gems/puma-5.3.2/lib/puma/cli.rb:80:in `run'
	from /opt/elasticbeanstalk/lib/ruby/lib/ruby/gems/2.6.0/gems/healthd-1.0.6/bin/healthd:112:in `block in <top (required)>'
	from /opt/elasticbeanstalk/lib/ruby/lib/ruby/gems/2.6.0/gems/healthd-1.0.6/bin/healthd:19:in `chdir'
	from /opt/elasticbeanstalk/lib/ruby/lib/ruby/gems/2.6.0/gems/healthd-1.0.6/bin/healthd:19:in `<top (required)>'
	from /opt/elasticbeanstalk/lib/ruby/bin/healthd:23:in `load'
	from /opt/elasticbeanstalk/lib/ruby/bin/healthd:23:in `<main>'
A, [2022-08-22T23:00:06.203699 #6262]   ANY -- : healthd daemon 1.0.6 initialized
W, [2022-08-22T23:00:06.308677 #6262]  WARN -- : log file "/var/log/nginx/healthd/application.log.2022-08-22-23" does not exist
W, [2022-08-22T23:00:11.308949 #6262]  WARN -- : log file "/var/log/nginx/healthd/application.log.2022-08-22-23" does not exist
W, [2022-08-22T23:00:16.309215 #6262]  WARN -- : log file "/var/log/nginx/healthd/application.log.2022-08-22-23" does not exist
W, [2022-08-22T23:00:21.309495 #6262]  WARN -- : log file "/var/log/nginx/healthd/application.log.2022-08-22-23" does not exist
W, [2022-08-22T23:00:26.309789 #6262]  WARN -- : log file "/var/log/nginx/healthd/application.log.2022-08-22-23" does not exist
W, [2022-08-22T23:00:31.310089 #6262]  WARN -- : log file "/var/log/nginx/healthd/application.log.2022-08-22-23" does not exist
W, [2022-08-22T23:00:36.310371 #6262]  WARN -- : log file "/var/log/nginx/healthd/application.log.2022-08-22-23" does not exist
F, [2022-08-22T23:09:36.761662 #6262] FATAL -- : /opt/elasticbeanstalk/lib/ruby/lib/ruby/gems/2.6.0/gems/puma-5.3.2/lib/puma/launcher.rb:476:in `block in setup_signals': SIGTERM (SignalException)
	from /opt/elasticbeanstalk/lib/ruby/lib/ruby/gems/2.6.0/gems/puma-5.3.2/lib/puma/single.rb:61:in `join'
	from /opt/elasticbeanstalk/lib/ruby/lib/ruby/gems/2.6.0/gems/puma-5.3.2/lib/puma/single.rb:61:in `run'
	from /opt/elasticbeanstalk/lib/ruby/lib/ruby/gems/2.6.0/gems/puma-5.3.2/lib/puma/launcher.rb:181:in `run'
	from /opt/elasticbeanstalk/lib/ruby/lib/ruby/gems/2.6.0/gems/puma-5.3.2/lib/puma/cli.rb:80:in `run'
	from /opt/elasticbeanstalk/lib/ruby/lib/ruby/gems/2.6.0/gems/healthd-1.0.6/bin/healthd:112:in `block in <top (required)>'
	from /opt/elasticbeanstalk/lib/ruby/lib/ruby/gems/2.6.0/gems/healthd-1.0.6/bin/healthd:19:in `chdir'
	from /opt/elasticbeanstalk/lib/ruby/lib/ruby/gems/2.6.0/gems/healthd-1.0.6/bin/healthd:19:in `<top (required)>'
	from /opt/elasticbeanstalk/lib/ruby/bin/healthd:23:in `load'
	from /opt/elasticbeanstalk/lib/ruby/bin/healthd:23:in `<main>'
A, [2022-08-22T23:09:38.218632 #7796]   ANY -- : healthd daemon 1.0.6 initialized
W, [2022-08-22T23:09:48.372026 #7796]  WARN -- : discarding statistic item after validation error (Invalid timestamp): {:id=>"0", :namespace=>"application", :timestamp=>1661209530, :data=>"{\"duration\":10,\"latency_histogram\":[[0.001,2],[0.002,1]],\"http_counters\":{\"status_200\":3,\"request_count\":3}}"}
W, [2022-08-22T23:09:48.372099 #7796]  WARN -- : discarding statistic item after validation error (Invalid timestamp): {:id=>"1", :namespace=>"application", :timestamp=>1661209540, :data=>"{\"duration\":10,\"latency_histogram\":[[0.001,2],[0.002,1]],\"http_counters\":{\"status_200\":3,\"request_count\":3}}"}
W, [2022-08-22T23:09:48.372127 #7796]  WARN -- : discarding statistic item after validation error (Invalid timestamp): {:id=>"2", :namespace=>"application", :timestamp=>1661209560, :data=>"{\"duration\":10,\"latency_histogram\":[[0.001,2],[0.002,1]],\"http_counters\":{\"status_200\":3,\"request_count\":3}}"}
W, [2022-08-22T23:09:48.372150 #7796]  WARN -- : discarding statistic item after validation error (Invalid timestamp): {:id=>"3", :namespace=>"application", :timestamp=>1661209570, :data=>"{\"duration\":10,\"latency_histogram\":[[0.001,2],[0.002,1]],\"http_counters\":{\"status_200\":3,\"request_count\":3}}"}
W, [2022-08-22T23:09:48.372171 #7796]  WARN -- : discarding statistic item after validation error (Invalid timestamp): {:id=>"4", :namespace=>"application", :timestamp=>1661209590, :data=>"{\"duration\":10,\"latency_histogram\":[[0.001,1],[0.002,2]],\"http_counters\":{\"status_200\":3,\"request_count\":3}}"}
W, [2022-08-22T23:09:48.372193 #7796]  WARN -- : discarding statistic item after validation error (Invalid timestamp): {:id=>"5", :namespace=>"application", :timestamp=>1661209600, :data=>"{\"duration\":10,\"latency_histogram\":[[0.001,2],[0.002,1]],\"http_counters\":{\"status_200\":3,\"request_count\":3}}"}
W, [2022-08-22T23:09:48.372214 #7796]  WARN -- : discarding statistic item after validation error (Invalid timestamp): {:id=>"6", :namespace=>"application", :timestamp=>1661209620, :data=>"{\"duration\":10,\"latency_histogram\":[[0.001,1],[0.002,2]],\"http_counters\":{\"status_200\":3,\"request_count\":3}}"}
W, [2022-08-22T23:09:48.372236 #7796]  WARN -- : discarding statistic item after validation error (Invalid timestamp): {:id=>"7", :namespace=>"application", :timestamp=>1661209630, :data=>"{\"duration\":10,\"latency_histogram\":[[0.001,2],[0.002,1]],\"http_counters\":{\"status_200\":3,\"request_count\":3}}"}
W, [2022-08-22T23:09:48.372256 #7796]  WARN -- : discarding statistic item after validation error (Invalid timestamp): {:id=>"8", :namespace=>"application", :timestamp=>1661209650, :data=>"{\"duration\":10,\"latency_histogram\":[[0.001,1],[0.002,2]],\"http_counters\":{\"status_200\":3,\"request_count\":3}}"}
W, [2022-08-22T23:09:48.372276 #7796]  WARN -- : discarding statistic item after validation error (Invalid timestamp): {:id=>"9", :namespace=>"application", :timestamp=>1661209660, :data=>"{\"duration\":10,\"latency_histogram\":[[0.001,3]],\"http_counters\":{\"status_200\":3,\"request_count\":3}}"}
W, [2022-08-22T23:09:48.372297 #7796]  WARN -- : discarding statistic item after validation error (Invalid timestamp): {:id=>"10", :namespace=>"application", :timestamp=>1661209680, :data=>"{\"duration\":10,\"latency_histogram\":[[0.001,2],[0.002,1]],\"http_counters\":{\"status_200\":3,\"request_count\":3}}"}
W, [2022-08-22T23:09:48.372334 #7796]  WARN -- : discarding statistic item after validation error (Invalid timestamp): {:id=>"11", :namespace=>"application", :timestamp=>1661209690, :data=>"{\"duration\":10,\"latency_histogram\":[[0.002,3]],\"http_counters\":{\"status_200\":3,\"request_count\":3}}"}
W, [2022-08-22T23:09:58.257125 #7796]  WARN -- : discarding statistic item after validation error (Invalid timestamp): {:id=>"0", :namespace=>"application", :timestamp=>1661209240, :data=>"{\"duration\":10,\"latency_histogram\":[[0.002,3]],\"http_counters\":{\"status_200\":3,\"request_count\":3}}"}
W, [2022-08-22T23:09:58.257202 #7796]  WARN -- : discarding statistic item after validation error (Invalid timestamp): {:id=>"1", :namespace=>"application", :timestamp=>1661209260, :data=>"{\"duration\":10,\"latency_histogram\":[[0.002,3]],\"http_counters\":{\"status_200\":3,\"request_count\":3}}"}
W, [2022-08-22T23:09:58.257229 #7796]  WARN -- : discarding statistic item after validation error (Invalid timestamp): {:id=>"2", :namespace=>"application", :timestamp=>1661209270, :data=>"{\"duration\":10,\"latency_histogram\":[[0.001,1],[0.002,2]],\"http_counters\":{\"status_200\":3,\"request_count\":3}}"}
W, [2022-08-22T23:09:58.257252 #7796]  WARN -- : discarding statistic item after validation error (Invalid timestamp): {:id=>"3", :namespace=>"application", :timestamp=>1661209290, :data=>"{\"duration\":10,\"latency_histogram\":[[0.001,1],[0.002,2]],\"http_counters\":{\"status_200\":3,\"request_count\":3}}"}
W, [2022-08-22T23:09:58.257273 #7796]  WARN -- : discarding statistic item after validation error (Invalid timestamp): {:id=>"4", :namespace=>"application", :timestamp=>1661209300, :data=>"{\"duration\":10,\"latency_histogram\":[[0.001,3]],\"http_counters\":{\"status_200\":3,\"request_count\":3}}"}
W, [2022-08-22T23:09:58.257294 #7796]  WARN -- : discarding statistic item after validation error (Invalid timestamp): {:id=>"5", :namespace=>"application", :timestamp=>1661209320, :data=>"{\"duration\":10,\"latency_histogram\":[[0.001,2],[0.002,1]],\"http_counters\":{\"status_200\":3,\"request_count\":3}}"}
W, [2022-08-22T23:09:58.257319 #7796]  WARN -- : discarding statistic item after validation error (Invalid timestamp): {:id=>"6", :namespace=>"application", :timestamp=>1661209330, :data=>"{\"duration\":10,\"latency_histogram\":[[0.001,1],[0.002,2]],\"http_counters\":{\"status_200\":3,\"request_count\":3}}"}
W, [2022-08-22T23:09:58.257339 #7796]  WARN -- : discarding statistic item after validation error (Invalid timestamp): {:id=>"7", :namespace=>"application", :timestamp=>1661209350, :data=>"{\"duration\":10,\"latency_histogram\":[[0.001,2],[0.002,1]],\"http_counters\":{\"status_200\":3,\"request_count\":3}}"}
W, [2022-08-22T23:09:58.257359 #7796]  WARN -- : discarding statistic item after validation error (Invalid timestamp): {:id=>"8", :namespace=>"application", :timestamp=>1661209360, :data=>"{\"duration\":10,\"latency_histogram\":[[0.001,1],[0.002,2]],\"http_counters\":{\"status_200\":3,\"request_count\":3}}"}
W, [2022-08-22T23:09:58.257379 #7796]  WARN -- : discarding statistic item after validation error (Invalid timestamp): {:id=>"9", :namespace=>"application", :timestamp=>1661209380, :data=>"{\"duration\":10,\"latency_histogram\":[[0.001,2],[0.002,1]],\"http_counters\":{\"status_200\":3,\"request_count\":3}}"}
W, [2022-08-22T23:09:58.257400 #7796]  WARN -- : discarding statistic item after validation error (Invalid timestamp): {:id=>"10", :namespace=>"application", :timestamp=>1661209390, :data=>"{\"duration\":10,\"latency_histogram\":[[0.001,1],[0.002,2]],\"http_counters\":{\"status_200\":3,\"request_count\":3}}"}
W, [2022-08-22T23:09:58.257420 #7796]  WARN -- : discarding statistic item after validation error (Invalid timestamp): {:id=>"11", :namespace=>"application", :timestamp=>1661209410, :data=>"{\"duration\":10,\"latency_histogram\":[[0.001,1],[0.002,2]],\"http_counters\":{\"status_200\":3,\"request_count\":3}}"}
W, [2022-08-22T23:09:58.257448 #7796]  WARN -- : discarding statistic item after validation error (Invalid timestamp): {:id=>"12", :namespace=>"application", :timestamp=>1661209420, :data=>"{\"duration\":10,\"latency_histogram\":[[0.001,1],[0.002,2]],\"http_counters\":{\"status_200\":3,\"request_count\":3}}"}
W, [2022-08-22T23:09:58.257469 #7796]  WARN -- : discarding statistic item after validation error (Invalid timestamp): {:id=>"13", :namespace=>"application", :timestamp=>1661209440, :data=>"{\"duration\":10,\"latency_histogram\":[[0.001,2],[0.002,1]],\"http_counters\":{\"status_200\":3,\"request_count\":3}}"}
W, [2022-08-22T23:09:58.257489 #7796]  WARN -- : discarding statistic item after validation error (Invalid timestamp): {:id=>"14", :namespace=>"application", :timestamp=>1661209450, :data=>"{\"duration\":10,\"latency_histogram\":[[0.001,2],[0.002,1]],\"http_counters\":{\"status_200\":3,\"request_count\":3}}"}
W, [2022-08-22T23:09:58.257509 #7796]  WARN -- : discarding statistic item after validation error (Invalid timestamp): {:id=>"15", :namespace=>"application", :timestamp=>1661209470, :data=>"{\"duration\":10,\"latency_histogram\":[[0.001,1],[0.002,2]],\"http_counters\":{\"status_200\":3,\"request_count\":3}}"}
W, [2022-08-22T23:09:58.257530 #7796]  WARN -- : discarding statistic item after validation error (Invalid timestamp): {:id=>"16", :namespace=>"application", :timestamp=>1661209480, :data=>"{\"duration\":10,\"latency_histogram\":[[0.001,1],[0.002,1],[0.003,1]],\"http_counters\":{\"status_200\":3,\"request_count\":3}}"}
W, [2022-08-22T23:09:58.257550 #7796]  WARN -- : discarding statistic item after validation error (Invalid timestamp): {:id=>"17", :namespace=>"application", :timestamp=>1661209500, :data=>"{\"duration\":10,\"latency_histogram\":[[0.001,1],[0.002,2]],\"http_counters\":{\"status_200\":3,\"request_count\":3}}"}
W, [2022-08-22T23:09:58.257569 #7796]  WARN -- : discarding statistic item after validation error (Invalid timestamp): {:id=>"18", :namespace=>"application", :timestamp=>1661209510, :data=>"{\"duration\":10,\"latency_histogram\":[[0.001,1],[0.002,2]],\"http_counters\":{\"status_200\":3,\"request_count\":3}}"}
F, [2022-08-22T23:14:27.588689 #7796] FATAL -- : /opt/elasticbeanstalk/lib/ruby/lib/ruby/gems/2.6.0/gems/puma-5.3.2/lib/puma/launcher.rb:476:in `block in setup_signals': SIGTERM (SignalException)
	from /opt/elasticbeanstalk/lib/ruby/lib/ruby/gems/2.6.0/gems/puma-5.3.2/lib/puma/single.rb:61:in `join'
	from /opt/elasticbeanstalk/lib/ruby/lib/ruby/gems/2.6.0/gems/puma-5.3.2/lib/puma/single.rb:61:in `run'
	from /opt/elasticbeanstalk/lib/ruby/lib/ruby/gems/2.6.0/gems/puma-5.3.2/lib/puma/launcher.rb:181:in `run'
	from /opt/elasticbeanstalk/lib/ruby/lib/ruby/gems/2.6.0/gems/puma-5.3.2/lib/puma/cli.rb:80:in `run'
	from /opt/elasticbeanstalk/lib/ruby/lib/ruby/gems/2.6.0/gems/healthd-1.0.6/bin/healthd:112:in `block in <top (required)>'
	from /opt/elasticbeanstalk/lib/ruby/lib/ruby/gems/2.6.0/gems/healthd-1.0.6/bin/healthd:19:in `chdir'
	from /opt/elasticbeanstalk/lib/ruby/lib/ruby/gems/2.6.0/gems/healthd-1.0.6/bin/healthd:19:in `<top (required)>'
	from /opt/elasticbeanstalk/lib/ruby/bin/healthd:23:in `load'
	from /opt/elasticbeanstalk/lib/ruby/bin/healthd:23:in `<main>'
A, [2022-08-22T23:14:28.911343 #9632]   ANY -- : healthd daemon 1.0.6 initialized
W, [2022-08-22T23:14:39.074747 #9632]  WARN -- : discarding statistic item after validation error (Invalid timestamp): {:id=>"0", :namespace=>"application", :timestamp=>1661209530, :data=>"{\"duration\":10,\"latency_histogram\":[[0.001,2],[0.002,1]],\"http_counters\":{\"status_200\":3,\"request_count\":3}}"}
W, [2022-08-22T23:14:39.074863 #9632]  WARN -- : discarding statistic item after validation error (Invalid timestamp): {:id=>"1", :namespace=>"application", :timestamp=>1661209540, :data=>"{\"duration\":10,\"latency_histogram\":[[0.001,2],[0.002,1]],\"http_counters\":{\"status_200\":3,\"request_count\":3}}"}
W, [2022-08-22T23:14:39.074925 #9632]  WARN -- : discarding statistic item after validation error (Invalid timestamp): {:id=>"2", :namespace=>"application", :timestamp=>1661209560, :data=>"{\"duration\":10,\"latency_histogram\":[[0.001,2],[0.002,1]],\"http_counters\":{\"status_200\":3,\"request_count\":3}}"}
W, [2022-08-22T23:14:39.074954 #9632]  WARN -- : discarding statistic item after validation error (Invalid timestamp): {:id=>"3", :namespace=>"application", :timestamp=>1661209570, :data=>"{\"duration\":10,\"latency_histogram\":[[0.001,2],[0.002,1]],\"http_counters\":{\"status_200\":3,\"request_count\":3}}"}
W, [2022-08-22T23:14:39.075000 #9632]  WARN -- : discarding statistic item after validation error (Invalid timestamp): {:id=>"4", :namespace=>"application", :timestamp=>1661209590, :data=>"{\"duration\":10,\"latency_histogram\":[[0.001,1],[0.002,2]],\"http_counters\":{\"status_200\":3,\"request_count\":3}}"}
W, [2022-08-22T23:14:39.075035 #9632]  WARN -- : discarding statistic item after validation error (Invalid timestamp): {:id=>"5", :namespace=>"application", :timestamp=>1661209600, :data=>"{\"duration\":10,\"latency_histogram\":[[0.001,2],[0.002,1]],\"http_counters\":{\"status_200\":3,\"request_count\":3}}"}
W, [2022-08-22T23:14:39.075081 #9632]  WARN -- : discarding statistic item after validation error (Invalid timestamp): {:id=>"6", :namespace=>"application", :timestamp=>1661209620, :data=>"{\"duration\":10,\"latency_histogram\":[[0.001,1],[0.002,2]],\"http_counters\":{\"status_200\":3,\"request_count\":3}}"}
W, [2022-08-22T23:14:39.075125 #9632]  WARN -- : discarding statistic item after validation error (Invalid timestamp): {:id=>"7", :namespace=>"application", :timestamp=>1661209630, :data=>"{\"duration\":10,\"latency_histogram\":[[0.001,2],[0.002,1]],\"http_counters\":{\"status_200\":3,\"request_count\":3}}"}
W, [2022-08-22T23:14:39.075161 #9632]  WARN -- : discarding statistic item after validation error (Invalid timestamp): {:id=>"8", :namespace=>"application", :timestamp=>1661209650, :data=>"{\"duration\":10,\"latency_histogram\":[[0.001,1],[0.002,2]],\"http_counters\":{\"status_200\":3,\"request_count\":3}}"}
W, [2022-08-22T23:14:39.075204 #9632]  WARN -- : discarding statistic item after validation error (Invalid timestamp): {:id=>"9", :namespace=>"application", :timestamp=>1661209660, :data=>"{\"duration\":10,\"latency_histogram\":[[0.001,3]],\"http_counters\":{\"status_200\":3,\"request_count\":3}}"}
W, [2022-08-22T23:14:39.075238 #9632]  WARN -- : discarding statistic item after validation error (Invalid timestamp): {:id=>"10", :namespace=>"application", :timestamp=>1661209680, :data=>"{\"duration\":10,\"latency_histogram\":[[0.001,2],[0.002,1]],\"http_counters\":{\"status_200\":3,\"request_count\":3}}"}
W, [2022-08-22T23:14:39.075282 #9632]  WARN -- : discarding statistic item after validation error (Invalid timestamp): {:id=>"11", :namespace=>"application", :timestamp=>1661209690, :data=>"{\"duration\":10,\"latency_histogram\":[[0.002,3]],\"http_counters\":{\"status_200\":3,\"request_count\":3}}"}
W, [2022-08-22T23:14:39.075317 #9632]  WARN -- : discarding statistic item after validation error (Invalid timestamp): {:id=>"12", :namespace=>"application", :timestamp=>1661209710, :data=>"{\"duration\":10,\"latency_histogram\":[[0.001,2],[0.002,1]],\"http_counters\":{\"status_200\":3,\"request_count\":3}}"}
W, [2022-08-22T23:14:39.075353 #9632]  WARN -- : discarding statistic item after validation error (Invalid timestamp): {:id=>"13", :namespace=>"application", :timestamp=>1661209720, :data=>"{\"duration\":10,\"latency_histogram\":[[0.001,3]],\"http_counters\":{\"status_200\":3,\"request_count\":3}}"}
W, [2022-08-22T23:14:39.075397 #9632]  WARN -- : discarding statistic item after validation error (Invalid timestamp): {:id=>"14", :namespace=>"application", :timestamp=>1661209740, :data=>"{\"duration\":10,\"latency_histogram\":[[0.001,3]],\"http_counters\":{\"status_200\":3,\"request_count\":3}}"}
W, [2022-08-22T23:14:39.075433 #9632]  WARN -- : discarding statistic item after validation error (Invalid timestamp): {:id=>"15", :namespace=>"application", :timestamp=>1661209750, :data=>"{\"duration\":10,\"latency_histogram\":[[0.002,3]],\"http_counters\":{\"status_200\":3,\"request_count\":3}}"}
W, [2022-08-22T23:14:39.075474 #9632]  WARN -- : discarding statistic item after validation error (Invalid timestamp): {:id=>"16", :namespace=>"application", :timestamp=>1661209770, :data=>"{\"duration\":10,\"latency_histogram\":[[0.001,1],[0.002,2]],\"http_counters\":{\"status_200\":3,\"request_count\":3}}"}
W, [2022-08-22T23:14:48.951359 #9632]  WARN -- : discarding statistic item after validation error (Invalid timestamp): {:id=>"0", :namespace=>"application", :timestamp=>1661209240, :data=>"{\"duration\":10,\"latency_histogram\":[[0.002,3]],\"http_counters\":{\"status_200\":3,\"request_count\":3}}"}
W, [2022-08-22T23:14:48.952005 #9632]  WARN -- : discarding statistic item after validation error (Invalid timestamp): {:id=>"1", :namespace=>"application", :timestamp=>1661209260, :data=>"{\"duration\":10,\"latency_histogram\":[[0.002,3]],\"http_counters\":{\"status_200\":3,\"request_count\":3}}"}
W, [2022-08-22T23:14:48.952042 #9632]  WARN -- : discarding statistic item after validation error (Invalid timestamp): {:id=>"2", :namespace=>"application", :timestamp=>1661209270, :data=>"{\"duration\":10,\"latency_histogram\":[[0.001,1],[0.002,2]],\"http_counters\":{\"status_200\":3,\"request_count\":3}}"}
W, [2022-08-22T23:14:48.952066 #9632]  WARN -- : discarding statistic item after validation error (Invalid timestamp): {:id=>"3", :namespace=>"application", :timestamp=>1661209290, :data=>"{\"duration\":10,\"latency_histogram\":[[0.001,1],[0.002,2]],\"http_counters\":{\"status_200\":3,\"request_count\":3}}"}
W, [2022-08-22T23:14:48.952087 #9632]  WARN -- : discarding statistic item after validation error (Invalid timestamp): {:id=>"4", :namespace=>"application", :timestamp=>1661209300, :data=>"{\"duration\":10,\"latency_histogram\":[[0.001,3]],\"http_counters\":{\"status_200\":3,\"request_count\":3}}"}
W, [2022-08-22T23:14:48.952108 #9632]  WARN -- : discarding statistic item after validation error (Invalid timestamp): {:id=>"5", :namespace=>"application", :timestamp=>1661209320, :data=>"{\"duration\":10,\"latency_histogram\":[[0.001,2],[0.002,1]],\"http_counters\":{\"status_200\":3,\"request_count\":3}}"}
W, [2022-08-22T23:14:48.952128 #9632]  WARN -- : discarding statistic item after validation error (Invalid timestamp): {:id=>"6", :namespace=>"application", :timestamp=>1661209330, :data=>"{\"duration\":10,\"latency_histogram\":[[0.001,1],[0.002,2]],\"http_counters\":{\"status_200\":3,\"request_count\":3}}"}
W, [2022-08-22T23:14:48.952158 #9632]  WARN -- : discarding statistic item after validation error (Invalid timestamp): {:id=>"7", :namespace=>"application", :timestamp=>1661209350, :data=>"{\"duration\":10,\"latency_histogram\":[[0.001,2],[0.002,1]],\"http_counters\":{\"status_200\":3,\"request_count\":3}}"}
W, [2022-08-22T23:14:48.952180 #9632]  WARN -- : discarding statistic item after validation error (Invalid timestamp): {:id=>"8", :namespace=>"application", :timestamp=>1661209360, :data=>"{\"duration\":10,\"latency_histogram\":[[0.001,1],[0.002,2]],\"http_counters\":{\"status_200\":3,\"request_count\":3}}"}
W, [2022-08-22T23:14:48.952200 #9632]  WARN -- : discarding statistic item after validation error (Invalid timestamp): {:id=>"9", :namespace=>"application", :timestamp=>1661209380, :data=>"{\"duration\":10,\"latency_histogram\":[[0.001,2],[0.002,1]],\"http_counters\":{\"status_200\":3,\"request_count\":3}}"}
W, [2022-08-22T23:14:48.952219 #9632]  WARN -- : discarding statistic item after validation error (Invalid timestamp): {:id=>"10", :namespace=>"application", :timestamp=>1661209390, :data=>"{\"duration\":10,\"latency_histogram\":[[0.001,1],[0.002,2]],\"http_counters\":{\"status_200\":3,\"request_count\":3}}"}
W, [2022-08-22T23:14:48.952239 #9632]  WARN -- : discarding statistic item after validation error (Invalid timestamp): {:id=>"11", :namespace=>"application", :timestamp=>1661209410, :data=>"{\"duration\":10,\"latency_histogram\":[[0.001,1],[0.002,2]],\"http_counters\":{\"status_200\":3,\"request_count\":3}}"}
W, [2022-08-22T23:14:48.952267 #9632]  WARN -- : discarding statistic item after validation error (Invalid timestamp): {:id=>"12", :namespace=>"application", :timestamp=>1661209420, :data=>"{\"duration\":10,\"latency_histogram\":[[0.001,1],[0.002,2]],\"http_counters\":{\"status_200\":3,\"request_count\":3}}"}
W, [2022-08-22T23:14:48.952288 #9632]  WARN -- : discarding statistic item after validation error (Invalid timestamp): {:id=>"13", :namespace=>"application", :timestamp=>1661209440, :data=>"{\"duration\":10,\"latency_histogram\":[[0.001,2],[0.002,1]],\"http_counters\":{\"status_200\":3,\"request_count\":3}}"}
W, [2022-08-22T23:14:48.952308 #9632]  WARN -- : discarding statistic item after validation error (Invalid timestamp): {:id=>"14", :namespace=>"application", :timestamp=>1661209450, :data=>"{\"duration\":10,\"latency_histogram\":[[0.001,2],[0.002,1]],\"http_counters\":{\"status_200\":3,\"request_count\":3}}"}
W, [2022-08-22T23:14:48.952328 #9632]  WARN -- : discarding statistic item after validation error (Invalid timestamp): {:id=>"15", :namespace=>"application", :timestamp=>1661209470, :data=>"{\"duration\":10,\"latency_histogram\":[[0.001,1],[0.002,2]],\"http_counters\":{\"status_200\":3,\"request_count\":3}}"}
W, [2022-08-22T23:14:48.952348 #9632]  WARN -- : discarding statistic item after validation error (Invalid timestamp): {:id=>"16", :namespace=>"application", :timestamp=>1661209480, :data=>"{\"duration\":10,\"latency_histogram\":[[0.001,1],[0.002,1],[0.003,1]],\"http_counters\":{\"status_200\":3,\"request_count\":3}}"}
W, [2022-08-22T23:14:48.952367 #9632]  WARN -- : discarding statistic item after validation error (Invalid timestamp): {:id=>"17", :namespace=>"application", :timestamp=>1661209500, :data=>"{\"duration\":10,\"latency_histogram\":[[0.001,1],[0.002,2]],\"http_counters\":{\"status_200\":3,\"request_count\":3}}"}
W, [2022-08-22T23:14:48.952386 #9632]  WARN -- : discarding statistic item after validation error (Invalid timestamp): {:id=>"18", :namespace=>"application", :timestamp=>1661209510, :data=>"{\"duration\":10,\"latency_histogram\":[[0.001,1],[0.002,2]],\"http_counters\":{\"status_200\":3,\"request_count\":3}}"}
